{"C:\\Users\\Jack\\Desktop\\apps\\rhcp-reviews\\backend\\src\\server.ts": {"path":"C:\\Users\\Jack\\Desktop\\apps\\rhcp-reviews\\backend\\src\\server.ts","statementMap":{"0":{"start":{"line":1,"column":0},"end":{"line":1,"column":67}},"1":{"start":{"line":2,"column":0},"end":{"line":2,"column":24}},"2":{"start":{"line":3,"column":0},"end":{"line":3,"column":28}},"3":{"start":{"line":4,"column":0},"end":{"line":4,"column":24}},"4":{"start":{"line":5,"column":0},"end":{"line":5,"column":58}},"5":{"start":{"line":6,"column":0},"end":{"line":6,"column":43}},"6":{"start":{"line":7,"column":0},"end":{"line":7,"column":28}},"7":{"start":{"line":9,"column":0},"end":{"line":9,"column":46}},"8":{"start":{"line":10,"column":0},"end":{"line":10,"column":44}},"9":{"start":{"line":11,"column":0},"end":{"line":11,"column":44}},"10":{"start":{"line":12,"column":0},"end":{"line":12,"column":46}},"11":{"start":{"line":13,"column":0},"end":{"line":13,"column":47}},"12":{"start":{"line":16,"column":0},"end":{"line":16,"column":60}},"13":{"start":{"line":17,"column":0},"end":{"line":17,"column":52}},"14":{"start":{"line":18,"column":0},"end":{"line":18,"column":66}},"15":{"start":{"line":19,"column":0},"end":{"line":19,"column":44}},"16":{"start":{"line":20,"column":0},"end":{"line":20,"column":28}},"17":{"start":{"line":23,"column":18},"end":{"line":23,"column":31}},"18":{"start":{"line":24,"column":0},"end":{"line":24,"column":16}},"19":{"start":{"line":27,"column":13},"end":{"line":27,"column":29}},"20":{"start":{"line":28,"column":13},"end":{"line":28,"column":40}},"21":{"start":{"line":31,"column":27},"end":{"line":40,"column":1}},"22":{"start":{"line":32,"column":2},"end":{"line":39,"column":5}},"23":{"start":{"line":33,"column":21},"end":{"line":38,"column":6}},"24":{"start":{"line":35,"column":6},"end":{"line":35,"column":52}},"25":{"start":{"line":36,"column":6},"end":{"line":36,"column":58}},"26":{"start":{"line":37,"column":6},"end":{"line":37,"column":24}},"27":{"start":{"line":31,"column":13},"end":{"line":31,"column":27}},"28":{"start":{"line":42,"column":26},"end":{"line":46,"column":1}},"29":{"start":{"line":43,"column":2},"end":{"line":45,"column":5}},"30":{"start":{"line":44,"column":4},"end":{"line":44,"column":38}},"31":{"start":{"line":44,"column":23},"end":{"line":44,"column":36}},"32":{"start":{"line":42,"column":13},"end":{"line":42,"column":26}},"33":{"start":{"line":49,"column":0},"end":{"line":49,"column":16}},"34":{"start":{"line":50,"column":0},"end":{"line":50,"column":24}},"35":{"start":{"line":51,"column":0},"end":{"line":51,"column":32}},"36":{"start":{"line":54,"column":19},"end":{"line":59,"column":2}},"37":{"start":{"line":60,"column":0},"end":{"line":60,"column":29}},"38":{"start":{"line":63,"column":0},"end":{"line":73,"column":2}},"39":{"start":{"line":67,"column":4},"end":{"line":71,"column":5}},"40":{"start":{"line":68,"column":6},"end":{"line":68,"column":46}},"41":{"start":{"line":70,"column":6},"end":{"line":70,"column":13}},"42":{"start":{"line":75,"column":15},"end":{"line":75,"column":43}},"43":{"start":{"line":76,"column":0},"end":{"line":84,"column":2}},"44":{"start":{"line":82,"column":4},"end":{"line":82,"column":55}},"45":{"start":{"line":86,"column":20},"end":{"line":90,"column":2}},"46":{"start":{"line":91,"column":0},"end":{"line":91,"column":40}},"47":{"start":{"line":94,"column":0},"end":{"line":94,"column":18}},"48":{"start":{"line":95,"column":0},"end":{"line":101,"column":2}},"49":{"start":{"line":102,"column":0},"end":{"line":106,"column":3}},"50":{"start":{"line":103,"column":2},"end":{"line":103,"column":53}},"51":{"start":{"line":104,"column":2},"end":{"line":104,"column":43}},"52":{"start":{"line":105,"column":2},"end":{"line":105,"column":9}},"53":{"start":{"line":109,"column":0},"end":{"line":109,"column":37}},"54":{"start":{"line":110,"column":0},"end":{"line":110,"column":35}},"55":{"start":{"line":111,"column":0},"end":{"line":111,"column":34}},"56":{"start":{"line":112,"column":0},"end":{"line":112,"column":51}},"57":{"start":{"line":113,"column":0},"end":{"line":113,"column":52}},"58":{"start":{"line":116,"column":0},"end":{"line":118,"column":3}},"59":{"start":{"line":117,"column":2},"end":{"line":117,"column":36}}},"fnMap":{"0":{"name":"(anonymous_1)","decl":{"start":{"line":31,"column":27},"end":{"line":31,"column":30}},"loc":{"start":{"line":31,"column":32},"end":{"line":40,"column":1}}},"1":{"name":"(anonymous_2)","decl":{"start":{"line":32,"column":29},"end":{"line":32,"column":30}},"loc":{"start":{"line":32,"column":41},"end":{"line":39,"column":3}}},"2":{"name":"(anonymous_3)","decl":{"start":{"line":33,"column":38},"end":{"line":33,"column":41}},"loc":{"start":{"line":33,"column":43},"end":{"line":38,"column":5}}},"3":{"name":"(anonymous_4)","decl":{"start":{"line":42,"column":26},"end":{"line":42,"column":29}},"loc":{"start":{"line":42,"column":31},"end":{"line":46,"column":1}}},"4":{"name":"(anonymous_5)","decl":{"start":{"line":43,"column":21},"end":{"line":43,"column":22}},"loc":{"start":{"line":43,"column":33},"end":{"line":45,"column":3}}},"5":{"name":"(anonymous_6)","decl":{"start":{"line":44,"column":17},"end":{"line":44,"column":20}},"loc":{"start":{"line":44,"column":23},"end":{"line":44,"column":36}}},"6":{"name":"(anonymous_7)","decl":{"start":{"line":66,"column":2},"end":{"line":66,"column":3}},"loc":{"start":{"line":66,"column":64},"end":{"line":72,"column":3}}},"7":{"name":"(anonymous_8)","decl":{"start":{"line":80,"column":20},"end":{"line":80,"column":25}},"loc":{"start":{"line":80,"column":39},"end":{"line":83,"column":3}}},"8":{"name":"(anonymous_9)","decl":{"start":{"line":102,"column":8},"end":{"line":102,"column":9}},"loc":{"start":{"line":102,"column":27},"end":{"line":106,"column":1}}},"9":{"name":"(anonymous_10)","decl":{"start":{"line":116,"column":8},"end":{"line":116,"column":9}},"loc":{"start":{"line":116,"column":72},"end":{"line":118,"column":1}}}},"branchMap":{"0":{"loc":{"start":{"line":67,"column":4},"end":{"line":71,"column":5}},"type":"if","locations":[{"start":{"line":67,"column":4},"end":{"line":71,"column":5}},{"start":{"line":69,"column":11},"end":{"line":71,"column":5}}]}},"s":{"0":3,"1":3,"2":3,"3":3,"4":3,"5":3,"6":3,"7":3,"8":3,"9":3,"10":3,"11":3,"12":3,"13":3,"14":3,"15":3,"16":3,"17":3,"18":3,"19":3,"20":3,"21":3,"22":0,"23":0,"24":0,"25":0,"26":0,"27":3,"28":3,"29":0,"30":0,"31":0,"32":3,"33":3,"34":3,"35":3,"36":3,"37":3,"38":3,"39":0,"40":0,"41":0,"42":3,"43":3,"44":0,"45":3,"46":3,"47":3,"48":3,"49":3,"50":15,"51":15,"52":15,"53":3,"54":3,"55":3,"56":3,"57":3,"58":3,"59":2},"f":{"0":0,"1":0,"2":0,"3":0,"4":0,"5":0,"6":0,"7":0,"8":15,"9":2},"b":{"0":[0,0]}}
,"C:\\Users\\Jack\\Desktop\\apps\\rhcp-reviews\\backend\\src\\controllers\\album.controller.ts": {"path":"C:\\Users\\Jack\\Desktop\\apps\\rhcp-reviews\\backend\\src\\controllers\\album.controller.ts","statementMap":{"0":{"start":{"line":2,"column":0},"end":{"line":2,"column":null}},"1":{"start":{"line":9,"column":0},"end":{"line":9,"column":62}},"2":{"start":{"line":10,"column":0},"end":{"line":10,"column":37}},"3":{"start":{"line":12,"column":13},"end":{"line":22,"column":2}},"4":{"start":{"line":14,"column":4},"end":{"line":20,"column":5}},"5":{"start":{"line":15,"column":20},"end":{"line":15,"column":54}},"6":{"start":{"line":16,"column":6},"end":{"line":16,"column":34}},"7":{"start":{"line":18,"column":6},"end":{"line":18,"column":52}},"8":{"start":{"line":19,"column":6},"end":{"line":19,"column":63}},"9":{"start":{"line":24,"column":13},"end":{"line":33,"column":2}},"10":{"start":{"line":26,"column":19},"end":{"line":30,"column":6}},"11":{"start":{"line":31,"column":4},"end":{"line":31,"column":21}},"12":{"start":{"line":35,"column":13},"end":{"line":40,"column":2}},"13":{"start":{"line":37,"column":18},"end":{"line":37,"column":75}},"14":{"start":{"line":38,"column":4},"end":{"line":38,"column":20}},"15":{"start":{"line":42,"column":13},"end":{"line":47,"column":2}},"16":{"start":{"line":44,"column":4},"end":{"line":44,"column":52}},"17":{"start":{"line":45,"column":4},"end":{"line":45,"column":24}},"18":{"start":{"line":49,"column":13},"end":{"line":88,"column":2}},"19":{"start":{"line":51,"column":20},"end":{"line":51,"column":46}},"20":{"start":{"line":52,"column":20},"end":{"line":52,"column":77}},"21":{"start":{"line":53,"column":23},"end":{"line":53,"column":54}},"22":{"start":{"line":55,"column":4},"end":{"line":57,"column":5}},"23":{"start":{"line":56,"column":6},"end":{"line":56,"column":72}},"24":{"start":{"line":60,"column":4},"end":{"line":78,"column":5}},"25":{"start":{"line":61,"column":20},"end":{"line":64,"column":8}},"26":{"start":{"line":66,"column":6},"end":{"line":66,"column":76}},"27":{"start":{"line":66,"column":18},"end":{"line":66,"column":76}},"28":{"start":{"line":68,"column":6},"end":{"line":77,"column":7}},"29":{"start":{"line":69,"column":8},"end":{"line":69,"column":79}},"30":{"start":{"line":69,"column":23},"end":{"line":69,"column":79}},"31":{"start":{"line":71,"column":27},"end":{"line":73,"column":10}},"32":{"start":{"line":75,"column":8},"end":{"line":76,"column":71}},"33":{"start":{"line":76,"column":10},"end":{"line":76,"column":71}},"34":{"start":{"line":80,"column":18},"end":{"line":84,"column":6}},"35":{"start":{"line":86,"column":4},"end":{"line":86,"column":20}}},"fnMap":{"0":{"name":"(anonymous_1)","decl":{"start":{"line":13,"column":2},"end":{"line":13,"column":7}},"loc":{"start":{"line":13,"column":40},"end":{"line":21,"column":3}}},"1":{"name":"(anonymous_2)","decl":{"start":{"line":25,"column":2},"end":{"line":25,"column":7}},"loc":{"start":{"line":25,"column":40},"end":{"line":32,"column":3}}},"2":{"name":"(anonymous_3)","decl":{"start":{"line":36,"column":2},"end":{"line":36,"column":7}},"loc":{"start":{"line":36,"column":40},"end":{"line":39,"column":3}}},"3":{"name":"(anonymous_4)","decl":{"start":{"line":43,"column":2},"end":{"line":43,"column":7}},"loc":{"start":{"line":43,"column":40},"end":{"line":46,"column":3}}},"4":{"name":"(anonymous_5)","decl":{"start":{"line":50,"column":2},"end":{"line":50,"column":7}},"loc":{"start":{"line":50,"column":40},"end":{"line":87,"column":3}}}},"branchMap":{"0":{"loc":{"start":{"line":27,"column":12},"end":{"line":27,"column":39}},"type":"binary-expr","locations":[{"start":{"line":27,"column":12},"end":{"line":27,"column":34}},{"start":{"line":27,"column":38},"end":{"line":27,"column":39}}]},"1":{"loc":{"start":{"line":28,"column":13},"end":{"line":28,"column":42}},"type":"binary-expr","locations":[{"start":{"line":28,"column":13},"end":{"line":28,"column":36}},{"start":{"line":28,"column":40},"end":{"line":28,"column":42}}]},"2":{"loc":{"start":{"line":52,"column":20},"end":{"line":52,"column":77}},"type":"cond-expr","locations":[{"start":{"line":52,"column":40},"end":{"line":52,"column":65}},{"start":{"line":52,"column":68},"end":{"line":52,"column":77}}]},"3":{"loc":{"start":{"line":55,"column":4},"end":{"line":57,"column":5}},"type":"if","locations":[{"start":{"line":55,"column":4},"end":{"line":57,"column":5}}]},"4":{"loc":{"start":{"line":55,"column":8},"end":{"line":55,"column":31}},"type":"binary-expr","locations":[{"start":{"line":55,"column":8},"end":{"line":55,"column":18}},{"start":{"line":55,"column":22},"end":{"line":55,"column":31}}]},"5":{"loc":{"start":{"line":60,"column":4},"end":{"line":78,"column":5}},"type":"if","locations":[{"start":{"line":60,"column":4},"end":{"line":78,"column":5}}]},"6":{"loc":{"start":{"line":66,"column":6},"end":{"line":66,"column":76}},"type":"if","locations":[{"start":{"line":66,"column":6},"end":{"line":66,"column":76}}]},"7":{"loc":{"start":{"line":68,"column":6},"end":{"line":77,"column":7}},"type":"if","locations":[{"start":{"line":68,"column":6},"end":{"line":77,"column":7}}]},"8":{"loc":{"start":{"line":69,"column":8},"end":{"line":69,"column":79}},"type":"if","locations":[{"start":{"line":69,"column":8},"end":{"line":69,"column":79}}]},"9":{"loc":{"start":{"line":75,"column":8},"end":{"line":76,"column":71}},"type":"if","locations":[{"start":{"line":75,"column":8},"end":{"line":76,"column":71}}]},"10":{"loc":{"start":{"line":83,"column":14},"end":{"line":83,"column":51}},"type":"cond-expr","locations":[{"start":{"line":83,"column":27},"end":{"line":83,"column":39}},{"start":{"line":83,"column":42},"end":{"line":83,"column":51}}]}},"s":{"0":3,"1":3,"2":3,"3":3,"4":1,"5":1,"6":1,"7":0,"8":0,"9":3,"10":0,"11":0,"12":3,"13":1,"14":1,"15":3,"16":1,"17":1,"18":3,"19":1,"20":1,"21":1,"22":1,"23":0,"24":1,"25":0,"26":0,"27":0,"28":0,"29":0,"30":0,"31":0,"32":0,"33":0,"34":1,"35":1},"f":{"0":1,"1":0,"2":1,"3":1,"4":1},"b":{"0":[0,0],"1":[0,0],"2":[0,1],"3":[0],"4":[1,0],"5":[0],"6":[0],"7":[0],"8":[0],"9":[0],"10":[0,1]}}
,"C:\\Users\\Jack\\Desktop\\apps\\rhcp-reviews\\backend\\src\\controllers\\group.controller.ts": {"path":"C:\\Users\\Jack\\Desktop\\apps\\rhcp-reviews\\backend\\src\\controllers\\group.controller.ts","statementMap":{"0":{"start":{"line":2,"column":0},"end":{"line":2,"column":null}},"1":{"start":{"line":10,"column":0},"end":{"line":10,"column":62}},"2":{"start":{"line":12,"column":13},"end":{"line":20,"column":2}},"3":{"start":{"line":14,"column":18},"end":{"line":17,"column":6}},"4":{"start":{"line":18,"column":4},"end":{"line":18,"column":32}},"5":{"start":{"line":22,"column":13},"end":{"line":27,"column":2}},"6":{"start":{"line":24,"column":4},"end":{"line":24,"column":71}},"7":{"start":{"line":25,"column":4},"end":{"line":25,"column":24}},"8":{"start":{"line":29,"column":13},"end":{"line":38,"column":2}},"9":{"start":{"line":31,"column":18},"end":{"line":34,"column":null}},"10":{"start":{"line":36,"column":4},"end":{"line":36,"column":20}},"11":{"start":{"line":40,"column":13},"end":{"line":49,"column":2}},"12":{"start":{"line":42,"column":19},"end":{"line":45,"column":null}},"13":{"start":{"line":47,"column":4},"end":{"line":47,"column":21}},"14":{"start":{"line":51,"column":13},"end":{"line":56,"column":2}},"15":{"start":{"line":53,"column":23},"end":{"line":53,"column":74}},"16":{"start":{"line":54,"column":4},"end":{"line":54,"column":25}},"17":{"start":{"line":58,"column":13},"end":{"line":63,"column":2}},"18":{"start":{"line":60,"column":19},"end":{"line":60,"column":59}},"19":{"start":{"line":61,"column":4},"end":{"line":61,"column":21}}},"fnMap":{"0":{"name":"(anonymous_1)","decl":{"start":{"line":13,"column":2},"end":{"line":13,"column":7}},"loc":{"start":{"line":13,"column":40},"end":{"line":19,"column":3}}},"1":{"name":"(anonymous_2)","decl":{"start":{"line":23,"column":2},"end":{"line":23,"column":7}},"loc":{"start":{"line":23,"column":40},"end":{"line":26,"column":3}}},"2":{"name":"(anonymous_3)","decl":{"start":{"line":30,"column":2},"end":{"line":30,"column":7}},"loc":{"start":{"line":30,"column":40},"end":{"line":37,"column":3}}},"3":{"name":"(anonymous_4)","decl":{"start":{"line":41,"column":2},"end":{"line":41,"column":7}},"loc":{"start":{"line":41,"column":40},"end":{"line":48,"column":3}}},"4":{"name":"(anonymous_5)","decl":{"start":{"line":52,"column":2},"end":{"line":52,"column":7}},"loc":{"start":{"line":52,"column":40},"end":{"line":55,"column":3}}},"5":{"name":"(anonymous_6)","decl":{"start":{"line":59,"column":2},"end":{"line":59,"column":7}},"loc":{"start":{"line":59,"column":40},"end":{"line":62,"column":3}}}},"branchMap":{},"s":{"0":3,"1":3,"2":3,"3":0,"4":0,"5":3,"6":0,"7":0,"8":3,"9":0,"10":0,"11":3,"12":0,"13":0,"14":3,"15":0,"16":0,"17":3,"18":0,"19":0},"f":{"0":0,"1":0,"2":0,"3":0,"4":0,"5":0},"b":{}}
,"C:\\Users\\Jack\\Desktop\\apps\\rhcp-reviews\\backend\\src\\controllers\\review.controller.ts": {"path":"C:\\Users\\Jack\\Desktop\\apps\\rhcp-reviews\\backend\\src\\controllers\\review.controller.ts","statementMap":{"0":{"start":{"line":2,"column":0},"end":{"line":2,"column":null}},"1":{"start":{"line":6,"column":0},"end":{"line":6,"column":62}},"2":{"start":{"line":8,"column":13},"end":{"line":16,"column":2}},"3":{"start":{"line":10,"column":19},"end":{"line":13,"column":6}},"4":{"start":{"line":14,"column":4},"end":{"line":14,"column":33}},"5":{"start":{"line":18,"column":13},"end":{"line":26,"column":2}},"6":{"start":{"line":20,"column":19},"end":{"line":23,"column":6}},"7":{"start":{"line":24,"column":4},"end":{"line":24,"column":21}}},"fnMap":{"0":{"name":"(anonymous_1)","decl":{"start":{"line":9,"column":2},"end":{"line":9,"column":7}},"loc":{"start":{"line":9,"column":40},"end":{"line":15,"column":3}}},"1":{"name":"(anonymous_2)","decl":{"start":{"line":19,"column":2},"end":{"line":19,"column":7}},"loc":{"start":{"line":19,"column":40},"end":{"line":25,"column":3}}}},"branchMap":{},"s":{"0":3,"1":3,"2":3,"3":1,"4":1,"5":3,"6":0,"7":0},"f":{"0":1,"1":0},"b":{}}
,"C:\\Users\\Jack\\Desktop\\apps\\rhcp-reviews\\backend\\src\\controllers\\song.controller.ts": {"path":"C:\\Users\\Jack\\Desktop\\apps\\rhcp-reviews\\backend\\src\\controllers\\song.controller.ts","statementMap":{"0":{"start":{"line":2,"column":0},"end":{"line":2,"column":null}},"1":{"start":{"line":9,"column":0},"end":{"line":9,"column":62}},"2":{"start":{"line":11,"column":13},"end":{"line":21,"column":2}},"3":{"start":{"line":13,"column":19},"end":{"line":18,"column":6}},"4":{"start":{"line":19,"column":4},"end":{"line":19,"column":21}},"5":{"start":{"line":23,"column":13},"end":{"line":28,"column":2}},"6":{"start":{"line":25,"column":17},"end":{"line":25,"column":64}},"7":{"start":{"line":26,"column":4},"end":{"line":26,"column":19}},"8":{"start":{"line":30,"column":13},"end":{"line":35,"column":2}},"9":{"start":{"line":32,"column":17},"end":{"line":32,"column":50}},"10":{"start":{"line":33,"column":4},"end":{"line":33,"column":31}},"11":{"start":{"line":37,"column":13},"end":{"line":42,"column":2}},"12":{"start":{"line":39,"column":17},"end":{"line":39,"column":77}},"13":{"start":{"line":40,"column":4},"end":{"line":40,"column":19}},"14":{"start":{"line":44,"column":13},"end":{"line":49,"column":2}},"15":{"start":{"line":46,"column":4},"end":{"line":46,"column":55}},"16":{"start":{"line":47,"column":4},"end":{"line":47,"column":24}}},"fnMap":{"0":{"name":"(anonymous_1)","decl":{"start":{"line":12,"column":2},"end":{"line":12,"column":7}},"loc":{"start":{"line":12,"column":40},"end":{"line":20,"column":3}}},"1":{"name":"(anonymous_2)","decl":{"start":{"line":24,"column":2},"end":{"line":24,"column":7}},"loc":{"start":{"line":24,"column":40},"end":{"line":27,"column":3}}},"2":{"name":"(anonymous_3)","decl":{"start":{"line":31,"column":2},"end":{"line":31,"column":7}},"loc":{"start":{"line":31,"column":40},"end":{"line":34,"column":3}}},"3":{"name":"(anonymous_4)","decl":{"start":{"line":38,"column":2},"end":{"line":38,"column":7}},"loc":{"start":{"line":38,"column":40},"end":{"line":41,"column":3}}},"4":{"name":"(anonymous_5)","decl":{"start":{"line":45,"column":2},"end":{"line":45,"column":7}},"loc":{"start":{"line":45,"column":40},"end":{"line":48,"column":3}}}},"branchMap":{},"s":{"0":3,"1":3,"2":3,"3":0,"4":0,"5":3,"6":0,"7":0,"8":3,"9":0,"10":0,"11":3,"12":0,"13":0,"14":3,"15":0,"16":0},"f":{"0":0,"1":0,"2":0,"3":0,"4":0},"b":{}}
,"C:\\Users\\Jack\\Desktop\\apps\\rhcp-reviews\\backend\\src\\controllers\\user.controller.ts": {"path":"C:\\Users\\Jack\\Desktop\\apps\\rhcp-reviews\\backend\\src\\controllers\\user.controller.ts","statementMap":{"0":{"start":{"line":2,"column":0},"end":{"line":2,"column":null}},"1":{"start":{"line":9,"column":0},"end":{"line":9,"column":62}},"2":{"start":{"line":11,"column":0},"end":{"line":11,"column":37}},"3":{"start":{"line":12,"column":0},"end":{"line":12,"column":30}},"4":{"start":{"line":13,"column":0},"end":{"line":13,"column":null}},"5":{"start":{"line":18,"column":19},"end":{"line":18,"column":21}},"6":{"start":{"line":20,"column":13},"end":{"line":31,"column":2}},"7":{"start":{"line":22,"column":4},"end":{"line":29,"column":5}},"8":{"start":{"line":23,"column":19},"end":{"line":23,"column":54}},"9":{"start":{"line":24,"column":6},"end":{"line":24,"column":33}},"10":{"start":{"line":26,"column":6},"end":{"line":26,"column":48}},"11":{"start":{"line":27,"column":25},"end":{"line":27,"column":37}},"12":{"start":{"line":28,"column":6},"end":{"line":28,"column":78}},"13":{"start":{"line":33,"column":13},"end":{"line":41,"column":2}},"14":{"start":{"line":35,"column":42},"end":{"line":37,"column":null}},"15":{"start":{"line":39,"column":4},"end":{"line":39,"column":44}},"16":{"start":{"line":43,"column":13},"end":{"line":48,"column":2}},"17":{"start":{"line":45,"column":17},"end":{"line":45,"column":58}},"18":{"start":{"line":46,"column":4},"end":{"line":46,"column":19}},"19":{"start":{"line":50,"column":13},"end":{"line":71,"column":2}},"20":{"start":{"line":52,"column":29},"end":{"line":52,"column":37}},"21":{"start":{"line":54,"column":4},"end":{"line":58,"column":5}},"22":{"start":{"line":55,"column":6},"end":{"line":57,"column":9}},"23":{"start":{"line":60,"column":4},"end":{"line":69,"column":5}},"24":{"start":{"line":61,"column":21},"end":{"line":61,"column":60}},"25":{"start":{"line":62,"column":6},"end":{"line":62,"column":23}},"26":{"start":{"line":64,"column":6},"end":{"line":68,"column":7}},"27":{"start":{"line":65,"column":8},"end":{"line":65,"column":55}},"28":{"start":{"line":67,"column":8},"end":{"line":67,"column":65}},"29":{"start":{"line":73,"column":13},"end":{"line":95,"column":2}},"30":{"start":{"line":75,"column":40},"end":{"line":75,"column":48}},"31":{"start":{"line":78,"column":4},"end":{"line":80,"column":5}},"32":{"start":{"line":79,"column":6},"end":{"line":79,"column":79}},"33":{"start":{"line":82,"column":17},"end":{"line":91,"column":6}},"34":{"start":{"line":93,"column":4},"end":{"line":93,"column":19}},"35":{"start":{"line":97,"column":13},"end":{"line":102,"column":2}},"36":{"start":{"line":99,"column":4},"end":{"line":99,"column":42}},"37":{"start":{"line":100,"column":4},"end":{"line":100,"column":24}}},"fnMap":{"0":{"name":"(anonymous_1)","decl":{"start":{"line":21,"column":2},"end":{"line":21,"column":7}},"loc":{"start":{"line":21,"column":40},"end":{"line":30,"column":3}}},"1":{"name":"(anonymous_2)","decl":{"start":{"line":34,"column":2},"end":{"line":34,"column":7}},"loc":{"start":{"line":34,"column":40},"end":{"line":40,"column":3}}},"2":{"name":"(anonymous_3)","decl":{"start":{"line":44,"column":2},"end":{"line":44,"column":7}},"loc":{"start":{"line":44,"column":40},"end":{"line":47,"column":3}}},"3":{"name":"(anonymous_4)","decl":{"start":{"line":51,"column":2},"end":{"line":51,"column":7}},"loc":{"start":{"line":51,"column":40},"end":{"line":70,"column":3}}},"4":{"name":"(anonymous_5)","decl":{"start":{"line":74,"column":2},"end":{"line":74,"column":7}},"loc":{"start":{"line":74,"column":40},"end":{"line":94,"column":3}}},"5":{"name":"(anonymous_6)","decl":{"start":{"line":98,"column":2},"end":{"line":98,"column":7}},"loc":{"start":{"line":98,"column":40},"end":{"line":101,"column":3}}}},"branchMap":{"0":{"loc":{"start":{"line":28,"column":36},"end":{"line":28,"column":74}},"type":"binary-expr","locations":[{"start":{"line":28,"column":36},"end":{"line":28,"column":53}},{"start":{"line":28,"column":57},"end":{"line":28,"column":74}}]},"1":{"loc":{"start":{"line":54,"column":4},"end":{"line":58,"column":5}},"type":"if","locations":[{"start":{"line":54,"column":4},"end":{"line":58,"column":5}}]},"2":{"loc":{"start":{"line":64,"column":6},"end":{"line":68,"column":7}},"type":"if","locations":[{"start":{"line":64,"column":6},"end":{"line":68,"column":7}},{"start":{"line":66,"column":13},"end":{"line":68,"column":7}}]},"3":{"loc":{"start":{"line":78,"column":4},"end":{"line":80,"column":5}},"type":"if","locations":[{"start":{"line":78,"column":4},"end":{"line":80,"column":5}}]}},"s":{"0":3,"1":3,"2":3,"3":3,"4":3,"5":3,"6":3,"7":3,"8":3,"9":3,"10":0,"11":0,"12":0,"13":3,"14":5,"15":4,"16":3,"17":0,"18":0,"19":3,"20":1,"21":1,"22":0,"23":1,"24":1,"25":1,"26":0,"27":0,"28":0,"29":3,"30":0,"31":0,"32":0,"33":0,"34":0,"35":3,"36":0,"37":0},"f":{"0":3,"1":5,"2":0,"3":1,"4":0,"5":0},"b":{"0":[0,0],"1":[0],"2":[0,0],"3":[0]}}
,"C:\\Users\\Jack\\Desktop\\apps\\rhcp-reviews\\backend\\src\\db\\prisma.ts": {"path":"C:\\Users\\Jack\\Desktop\\apps\\rhcp-reviews\\backend\\src\\db\\prisma.ts","statementMap":{"0":{"start":{"line":1,"column":0},"end":{"line":1,"column":46}},"1":{"start":{"line":2,"column":15},"end":{"line":2,"column":33}},"2":{"start":{"line":3,"column":0},"end":{"line":3,"column":22}}},"fnMap":{},"branchMap":{},"s":{"0":3,"1":3,"2":3},"f":{},"b":{}}
,"C:\\Users\\Jack\\Desktop\\apps\\rhcp-reviews\\backend\\src\\errors\\customErrors.ts": {"path":"C:\\Users\\Jack\\Desktop\\apps\\rhcp-reviews\\backend\\src\\errors\\customErrors.ts","statementMap":{"0":{"start":{"line":4,"column":4},"end":{"line":4,"column":19}},"1":{"start":{"line":2,"column":2},"end":{"line":2,"column":19}},"2":{"start":{"line":5,"column":4},"end":{"line":5,"column":38}},"3":{"start":{"line":1,"column":0},"end":{"line":1,"column":13}},"4":{"start":{"line":12,"column":4},"end":{"line":12,"column":19}},"5":{"start":{"line":10,"column":2},"end":{"line":10,"column":19}},"6":{"start":{"line":13,"column":4},"end":{"line":13,"column":33}},"7":{"start":{"line":9,"column":0},"end":{"line":9,"column":13}},"8":{"start":{"line":20,"column":4},"end":{"line":20,"column":19}},"9":{"start":{"line":18,"column":2},"end":{"line":18,"column":19}},"10":{"start":{"line":21,"column":4},"end":{"line":21,"column":32}},"11":{"start":{"line":17,"column":0},"end":{"line":17,"column":13}},"12":{"start":{"line":28,"column":4},"end":{"line":28,"column":19}},"13":{"start":{"line":26,"column":2},"end":{"line":26,"column":19}},"14":{"start":{"line":29,"column":4},"end":{"line":29,"column":34}},"15":{"start":{"line":25,"column":0},"end":{"line":25,"column":13}},"16":{"start":{"line":37,"column":4},"end":{"line":37,"column":19}},"17":{"start":{"line":34,"column":2},"end":{"line":34,"column":19}},"18":{"start":{"line":38,"column":4},"end":{"line":38,"column":34}},"19":{"start":{"line":39,"column":4},"end":{"line":39,"column":27}},"20":{"start":{"line":33,"column":0},"end":{"line":33,"column":13}}},"fnMap":{"0":{"name":"(anonymous_0)","decl":{"start":{"line":3,"column":2},"end":{"line":3,"column":14}},"loc":{"start":{"line":3,"column":38},"end":{"line":6,"column":3}}},"1":{"name":"(anonymous_1)","decl":{"start":{"line":11,"column":2},"end":{"line":11,"column":14}},"loc":{"start":{"line":11,"column":35},"end":{"line":14,"column":3}}},"2":{"name":"(anonymous_2)","decl":{"start":{"line":19,"column":2},"end":{"line":19,"column":14}},"loc":{"start":{"line":19,"column":35},"end":{"line":22,"column":3}}},"3":{"name":"(anonymous_3)","decl":{"start":{"line":27,"column":2},"end":{"line":27,"column":14}},"loc":{"start":{"line":27,"column":37},"end":{"line":30,"column":3}}},"4":{"name":"(anonymous_4)","decl":{"start":{"line":36,"column":2},"end":{"line":36,"column":14}},"loc":{"start":{"line":36,"column":56},"end":{"line":40,"column":3}}}},"branchMap":{"0":{"loc":{"start":{"line":3,"column":14},"end":{"line":3,"column":38}},"type":"default-arg","locations":[{"start":{"line":3,"column":24},"end":{"line":3,"column":38}}]},"1":{"loc":{"start":{"line":11,"column":14},"end":{"line":11,"column":35}},"type":"default-arg","locations":[{"start":{"line":11,"column":24},"end":{"line":11,"column":35}}]},"2":{"loc":{"start":{"line":19,"column":14},"end":{"line":19,"column":35}},"type":"default-arg","locations":[{"start":{"line":19,"column":24},"end":{"line":19,"column":35}}]},"3":{"loc":{"start":{"line":27,"column":14},"end":{"line":27,"column":37}},"type":"default-arg","locations":[{"start":{"line":27,"column":24},"end":{"line":27,"column":37}}]},"4":{"loc":{"start":{"line":36,"column":14},"end":{"line":36,"column":42}},"type":"default-arg","locations":[{"start":{"line":36,"column":24},"end":{"line":36,"column":42}}]}},"s":{"0":2,"1":2,"2":2,"3":3,"4":0,"5":0,"6":0,"7":3,"8":0,"9":0,"10":0,"11":3,"12":0,"13":0,"14":0,"15":3,"16":0,"17":0,"18":0,"19":0,"20":3},"f":{"0":2,"1":0,"2":0,"3":0,"4":0},"b":{"0":[0],"1":[0],"2":[0],"3":[0],"4":[0]}}
,"C:\\Users\\Jack\\Desktop\\apps\\rhcp-reviews\\backend\\src\\middleware\\asyncRouteHandler.ts": {"path":"C:\\Users\\Jack\\Desktop\\apps\\rhcp-reviews\\backend\\src\\middleware\\asyncRouteHandler.ts","statementMap":{"0":{"start":{"line":4,"column":26},"end":{"line":10,"column":1}},"1":{"start":{"line":7,"column":2},"end":{"line":9,"column":4}},"2":{"start":{"line":8,"column":4},"end":{"line":8,"column":52}},"3":{"start":{"line":12,"column":0},"end":{"line":12,"column":33}}},"fnMap":{"0":{"name":"(anonymous_0)","decl":{"start":{"line":4,"column":26},"end":{"line":4,"column":null}},"loc":{"start":{"line":6,"column":4},"end":{"line":10,"column":1}}},"1":{"name":"(anonymous_1)","decl":{"start":{"line":7,"column":9},"end":{"line":7,"column":10}},"loc":{"start":{"line":7,"column":61},"end":{"line":9,"column":3}}}},"branchMap":{},"s":{"0":3,"1":75,"2":14,"3":3},"f":{"0":75,"1":14},"b":{}}
,"C:\\Users\\Jack\\Desktop\\apps\\rhcp-reviews\\backend\\src\\middleware\\auth.ts": {"path":"C:\\Users\\Jack\\Desktop\\apps\\rhcp-reviews\\backend\\src\\middleware\\auth.ts","statementMap":{"0":{"start":{"line":2,"column":0},"end":{"line":2,"column":31}},"1":{"start":{"line":3,"column":0},"end":{"line":3,"column":37}},"2":{"start":{"line":4,"column":0},"end":{"line":4,"column":64}},"3":{"start":{"line":6,"column":28},"end":{"line":27,"column":1}},"4":{"start":{"line":11,"column":16},"end":{"line":11,"column":67}},"5":{"start":{"line":13,"column":2},"end":{"line":13,"column":68}},"6":{"start":{"line":13,"column":14},"end":{"line":13,"column":68}},"7":{"start":{"line":15,"column":2},"end":{"line":26,"column":3}},"8":{"start":{"line":16,"column":20},"end":{"line":16,"column":62}},"9":{"start":{"line":17,"column":17},"end":{"line":19,"column":6}},"10":{"start":{"line":21,"column":4},"end":{"line":21,"column":63}},"11":{"start":{"line":21,"column":15},"end":{"line":21,"column":63}},"12":{"start":{"line":22,"column":4},"end":{"line":22,"column":20}},"13":{"start":{"line":23,"column":4},"end":{"line":23,"column":11}},"14":{"start":{"line":25,"column":4},"end":{"line":25,"column":62}},"15":{"start":{"line":6,"column":13},"end":{"line":6,"column":28}}},"fnMap":{"0":{"name":"(anonymous_1)","decl":{"start":{"line":6,"column":28},"end":{"line":6,"column":33}},"loc":{"start":{"line":10,"column":4},"end":{"line":27,"column":1}}}},"branchMap":{"0":{"loc":{"start":{"line":13,"column":2},"end":{"line":13,"column":68}},"type":"if","locations":[{"start":{"line":13,"column":2},"end":{"line":13,"column":68}}]},"1":{"loc":{"start":{"line":21,"column":4},"end":{"line":21,"column":63}},"type":"if","locations":[{"start":{"line":21,"column":4},"end":{"line":21,"column":63}}]}},"s":{"0":3,"1":3,"2":3,"3":3,"4":6,"5":6,"6":0,"7":6,"8":6,"9":5,"10":5,"11":0,"12":5,"13":5,"14":1,"15":3},"f":{"0":6},"b":{"0":[0],"1":[0]}}
,"C:\\Users\\Jack\\Desktop\\apps\\rhcp-reviews\\backend\\src\\middleware\\errorHandler.ts": {"path":"C:\\Users\\Jack\\Desktop\\apps\\rhcp-reviews\\backend\\src\\middleware\\errorHandler.ts","statementMap":{"0":{"start":{"line":1,"column":0},"end":{"line":1,"column":24}},"1":{"start":{"line":2,"column":0},"end":{"line":2,"column":79}},"2":{"start":{"line":4,"column":0},"end":{"line":4,"column":77}},"3":{"start":{"line":6,"column":28},"end":{"line":56,"column":1}},"4":{"start":{"line":12,"column":2},"end":{"line":17,"column":3}},"5":{"start":{"line":13,"column":4},"end":{"line":16,"column":7}},"6":{"start":{"line":19,"column":2},"end":{"line":21,"column":3}},"7":{"start":{"line":20,"column":4},"end":{"line":20,"column":67}},"8":{"start":{"line":24,"column":2},"end":{"line":26,"column":3}},"9":{"start":{"line":25,"column":4},"end":{"line":25,"column":21}},"10":{"start":{"line":29,"column":2},"end":{"line":31,"column":3}},"11":{"start":{"line":30,"column":4},"end":{"line":30,"column":51}},"12":{"start":{"line":34,"column":2},"end":{"line":39,"column":3}},"13":{"start":{"line":35,"column":4},"end":{"line":38,"column":7}},"14":{"start":{"line":40,"column":2},"end":{"line":40,"column":21}},"15":{"start":{"line":42,"column":2},"end":{"line":47,"column":3}},"16":{"start":{"line":43,"column":4},"end":{"line":46,"column":7}},"17":{"start":{"line":50,"column":2},"end":{"line":55,"column":5}},"18":{"start":{"line":6,"column":13},"end":{"line":6,"column":28}}},"fnMap":{"0":{"name":"(anonymous_0)","decl":{"start":{"line":6,"column":28},"end":{"line":6,"column":null}},"loc":{"start":{"line":11,"column":4},"end":{"line":56,"column":1}}}},"branchMap":{"0":{"loc":{"start":{"line":12,"column":2},"end":{"line":17,"column":3}},"type":"if","locations":[{"start":{"line":12,"column":2},"end":{"line":17,"column":3}}]},"1":{"loc":{"start":{"line":19,"column":2},"end":{"line":21,"column":3}},"type":"if","locations":[{"start":{"line":19,"column":2},"end":{"line":21,"column":3}}]},"2":{"loc":{"start":{"line":24,"column":2},"end":{"line":26,"column":3}},"type":"if","locations":[{"start":{"line":24,"column":2},"end":{"line":26,"column":3}}]},"3":{"loc":{"start":{"line":24,"column":6},"end":{"line":24,"column":57}},"type":"binary-expr","locations":[{"start":{"line":24,"column":6},"end":{"line":24,"column":21}},{"start":{"line":24,"column":25},"end":{"line":24,"column":57}}]},"4":{"loc":{"start":{"line":29,"column":2},"end":{"line":31,"column":3}},"type":"if","locations":[{"start":{"line":29,"column":2},"end":{"line":31,"column":3}}]},"5":{"loc":{"start":{"line":34,"column":2},"end":{"line":39,"column":3}},"type":"if","locations":[{"start":{"line":34,"column":2},"end":{"line":39,"column":3}}]},"6":{"loc":{"start":{"line":42,"column":2},"end":{"line":47,"column":3}},"type":"if","locations":[{"start":{"line":42,"column":2},"end":{"line":47,"column":3}}]},"7":{"loc":{"start":{"line":52,"column":6},"end":{"line":54,"column":21}},"type":"cond-expr","locations":[{"start":{"line":53,"column":10},"end":{"line":53,"column":33}},{"start":{"line":54,"column":10},"end":{"line":54,"column":21}}]}},"s":{"0":3,"1":3,"2":3,"3":3,"4":2,"5":0,"6":2,"7":2,"8":0,"9":0,"10":0,"11":0,"12":0,"13":0,"14":0,"15":0,"16":0,"17":0,"18":3},"f":{"0":2},"b":{"0":[0],"1":[2],"2":[0],"3":[0,0],"4":[0],"5":[0],"6":[0],"7":[0,0]}}
,"C:\\Users\\Jack\\Desktop\\apps\\rhcp-reviews\\backend\\src\\middleware\\validate.ts": {"path":"C:\\Users\\Jack\\Desktop\\apps\\rhcp-reviews\\backend\\src\\middleware\\validate.ts","statementMap":{"0":{"start":{"line":2,"column":0},"end":{"line":2,"column":38}},"1":{"start":{"line":3,"column":0},"end":{"line":3,"column":60}},"2":{"start":{"line":6,"column":2},"end":{"line":30,"column":3}},"3":{"start":{"line":7,"column":2},"end":{"line":30,"column":3}},"4":{"start":{"line":8,"column":4},"end":{"line":29,"column":5}},"5":{"start":{"line":9,"column":6},"end":{"line":13,"column":9}},"6":{"start":{"line":14,"column":6},"end":{"line":14,"column":13}},"7":{"start":{"line":16,"column":6},"end":{"line":28,"column":7}},"8":{"start":{"line":17,"column":8},"end":{"line":25,"column":10}},"9":{"start":{"line":20,"column":37},"end":{"line":23,"column":14}},"10":{"start":{"line":27,"column":8},"end":{"line":27,"column":20}},"11":{"start":{"line":5,"column":13},"end":{"line":5,"column":null}}},"fnMap":{"0":{"name":"(anonymous_0)","decl":{"start":{"line":6,"column":2},"end":{"line":6,"column":3}},"loc":{"start":{"line":7,"column":2},"end":{"line":30,"column":3}}},"1":{"name":"(anonymous_1)","decl":{"start":{"line":7,"column":2},"end":{"line":7,"column":7}},"loc":{"start":{"line":7,"column":60},"end":{"line":30,"column":3}}},"2":{"name":"(anonymous_2)","decl":{"start":{"line":20,"column":29},"end":{"line":20,"column":30}},"loc":{"start":{"line":20,"column":37},"end":{"line":23,"column":14}}}},"branchMap":{"0":{"loc":{"start":{"line":16,"column":6},"end":{"line":28,"column":7}},"type":"if","locations":[{"start":{"line":16,"column":6},"end":{"line":28,"column":7}},{"start":{"line":26,"column":13},"end":{"line":28,"column":7}}]}},"s":{"0":3,"1":3,"2":3,"3":30,"4":11,"5":11,"6":11,"7":0,"8":0,"9":0,"10":0,"11":3},"f":{"0":30,"1":11,"2":0},"b":{"0":[0,0]}}
,"C:\\Users\\Jack\\Desktop\\apps\\rhcp-reviews\\backend\\src\\routes\\albums.ts": {"path":"C:\\Users\\Jack\\Desktop\\apps\\rhcp-reviews\\backend\\src\\routes\\albums.ts","statementMap":{"0":{"start":{"line":1,"column":0},"end":{"line":1,"column":30}},"1":{"start":{"line":2,"column":0},"end":{"line":2,"column":null}},"2":{"start":{"line":9,"column":0},"end":{"line":9,"column":53}},"3":{"start":{"line":10,"column":0},"end":{"line":10,"column":53}},"4":{"start":{"line":11,"column":0},"end":{"line":11,"column":null}},"5":{"start":{"line":16,"column":15},"end":{"line":16,"column":31}},"6":{"start":{"line":18,"column":0},"end":{"line":23,"column":2}},"7":{"start":{"line":25,"column":0},"end":{"line":25,"column":65}},"8":{"start":{"line":27,"column":0},"end":{"line":27,"column":37}},"9":{"start":{"line":29,"column":0},"end":{"line":34,"column":2}},"10":{"start":{"line":36,"column":0},"end":{"line":36,"column":59}},"11":{"start":{"line":38,"column":0},"end":{"line":38,"column":22}}},"fnMap":{},"branchMap":{},"s":{"0":3,"1":3,"2":3,"3":3,"4":3,"5":3,"6":3,"7":3,"8":3,"9":3,"10":3,"11":3},"f":{},"b":{}}
,"C:\\Users\\Jack\\Desktop\\apps\\rhcp-reviews\\backend\\src\\routes\\groups.ts": {"path":"C:\\Users\\Jack\\Desktop\\apps\\rhcp-reviews\\backend\\src\\routes\\groups.ts","statementMap":{"0":{"start":{"line":1,"column":0},"end":{"line":1,"column":30}},"1":{"start":{"line":2,"column":0},"end":{"line":2,"column":null}},"2":{"start":{"line":10,"column":0},"end":{"line":10,"column":53}},"3":{"start":{"line":11,"column":0},"end":{"line":11,"column":53}},"4":{"start":{"line":12,"column":0},"end":{"line":12,"column":63}},"5":{"start":{"line":14,"column":15},"end":{"line":14,"column":31}},"6":{"start":{"line":16,"column":0},"end":{"line":16,"column":55}},"7":{"start":{"line":17,"column":0},"end":{"line":17,"column":77}},"8":{"start":{"line":18,"column":0},"end":{"line":18,"column":64}},"9":{"start":{"line":19,"column":0},"end":{"line":24,"column":2}},"10":{"start":{"line":25,"column":0},"end":{"line":25,"column":68}},"11":{"start":{"line":26,"column":0},"end":{"line":26,"column":56}},"12":{"start":{"line":28,"column":0},"end":{"line":28,"column":22}}},"fnMap":{},"branchMap":{},"s":{"0":3,"1":3,"2":3,"3":3,"4":3,"5":3,"6":3,"7":3,"8":3,"9":3,"10":3,"11":3,"12":3},"f":{},"b":{}}
,"C:\\Users\\Jack\\Desktop\\apps\\rhcp-reviews\\backend\\src\\routes\\reviews.ts": {"path":"C:\\Users\\Jack\\Desktop\\apps\\rhcp-reviews\\backend\\src\\routes\\reviews.ts","statementMap":{"0":{"start":{"line":1,"column":0},"end":{"line":1,"column":30}},"1":{"start":{"line":2,"column":0},"end":{"line":2,"column":null}},"2":{"start":{"line":6,"column":0},"end":{"line":6,"column":53}},"3":{"start":{"line":8,"column":15},"end":{"line":8,"column":31}},"4":{"start":{"line":10,"column":0},"end":{"line":10,"column":55}},"5":{"start":{"line":11,"column":0},"end":{"line":11,"column":38}},"6":{"start":{"line":13,"column":0},"end":{"line":13,"column":22}}},"fnMap":{},"branchMap":{},"s":{"0":3,"1":3,"2":3,"3":3,"4":3,"5":3,"6":3},"f":{},"b":{}}
,"C:\\Users\\Jack\\Desktop\\apps\\rhcp-reviews\\backend\\src\\routes\\songs.ts": {"path":"C:\\Users\\Jack\\Desktop\\apps\\rhcp-reviews\\backend\\src\\routes\\songs.ts","statementMap":{"0":{"start":{"line":1,"column":0},"end":{"line":1,"column":30}},"1":{"start":{"line":2,"column":0},"end":{"line":2,"column":null}},"2":{"start":{"line":9,"column":0},"end":{"line":9,"column":53}},"3":{"start":{"line":10,"column":0},"end":{"line":10,"column":61}},"4":{"start":{"line":11,"column":0},"end":{"line":11,"column":53}},"5":{"start":{"line":13,"column":15},"end":{"line":13,"column":31}},"6":{"start":{"line":15,"column":0},"end":{"line":15,"column":36}},"7":{"start":{"line":16,"column":0},"end":{"line":16,"column":42}},"8":{"start":{"line":17,"column":0},"end":{"line":17,"column":75}},"9":{"start":{"line":18,"column":0},"end":{"line":23,"column":2}},"10":{"start":{"line":24,"column":0},"end":{"line":24,"column":62}},"11":{"start":{"line":26,"column":0},"end":{"line":26,"column":22}}},"fnMap":{},"branchMap":{},"s":{"0":3,"1":3,"2":3,"3":3,"4":3,"5":3,"6":3,"7":3,"8":3,"9":3,"10":3,"11":3},"f":{},"b":{}}
,"C:\\Users\\Jack\\Desktop\\apps\\rhcp-reviews\\backend\\src\\routes\\users.ts": {"path":"C:\\Users\\Jack\\Desktop\\apps\\rhcp-reviews\\backend\\src\\routes\\users.ts","statementMap":{"0":{"start":{"line":1,"column":0},"end":{"line":1,"column":30}},"1":{"start":{"line":2,"column":0},"end":{"line":2,"column":null}},"2":{"start":{"line":10,"column":0},"end":{"line":10,"column":53}},"3":{"start":{"line":11,"column":0},"end":{"line":11,"column":null}},"4":{"start":{"line":17,"column":0},"end":{"line":17,"column":53}},"5":{"start":{"line":19,"column":15},"end":{"line":19,"column":31}},"6":{"start":{"line":21,"column":0},"end":{"line":21,"column":79}},"7":{"start":{"line":22,"column":0},"end":{"line":22,"column":66}},"8":{"start":{"line":23,"column":0},"end":{"line":23,"column":78}},"9":{"start":{"line":24,"column":0},"end":{"line":24,"column":58}},"10":{"start":{"line":25,"column":0},"end":{"line":30,"column":2}},"11":{"start":{"line":32,"column":0},"end":{"line":32,"column":57}},"12":{"start":{"line":34,"column":0},"end":{"line":34,"column":22}}},"fnMap":{},"branchMap":{},"s":{"0":3,"1":3,"2":3,"3":3,"4":3,"5":3,"6":3,"7":3,"8":3,"9":3,"10":3,"11":3,"12":3},"f":{},"b":{}}
,"C:\\Users\\Jack\\Desktop\\apps\\rhcp-reviews\\backend\\src\\services\\album.service.ts": {"path":"C:\\Users\\Jack\\Desktop\\apps\\rhcp-reviews\\backend\\src\\services\\album.service.ts","statementMap":{"0":{"start":{"line":2,"column":0},"end":{"line":2,"column":37}},"1":{"start":{"line":10,"column":34},"end":{"line":17,"column":1}},"2":{"start":{"line":11,"column":2},"end":{"line":16,"column":5}},"3":{"start":{"line":10,"column":13},"end":{"line":10,"column":34}},"4":{"start":{"line":43,"column":40},"end":{"line":93,"column":1}},"5":{"start":{"line":49,"column":16},"end":{"line":52,"column":4}},"6":{"start":{"line":55,"column":28},"end":{"line":59,"column":4}},"7":{"start":{"line":62,"column":26},"end":{"line":67,"column":4}},"8":{"start":{"line":70,"column":27},"end":{"line":70,"column":29}},"9":{"start":{"line":71,"column":2},"end":{"line":76,"column":3}},"10":{"start":{"line":72,"column":4},"end":{"line":75,"column":7}},"11":{"start":{"line":79,"column":2},"end":{"line":92,"column":5}},"12":{"start":{"line":80,"column":18},"end":{"line":80,"column":67}},"13":{"start":{"line":80,"column":46},"end":{"line":80,"column":66}},"14":{"start":{"line":81,"column":23},"end":{"line":81,"column":68}},"15":{"start":{"line":81,"column":47},"end":{"line":81,"column":67}},"16":{"start":{"line":83,"column":4},"end":{"line":91,"column":6}},"17":{"start":{"line":43,"column":13},"end":{"line":43,"column":40}},"18":{"start":{"line":95,"column":41},"end":{"line":129,"column":1}},"19":{"start":{"line":100,"column":40},"end":{"line":102,"column":8}},"20":{"start":{"line":104,"column":26},"end":{"line":119,"column":4}},"21":{"start":{"line":121,"column":2},"end":{"line":128,"column":4}},"22":{"start":{"line":95,"column":13},"end":{"line":95,"column":41}},"23":{"start":{"line":131,"column":34},"end":{"line":143,"column":1}},"24":{"start":{"line":135,"column":2},"end":{"line":137,"column":3}},"25":{"start":{"line":136,"column":4},"end":{"line":136,"column":50}},"26":{"start":{"line":139,"column":2},"end":{"line":142,"column":5}},"27":{"start":{"line":131,"column":13},"end":{"line":131,"column":34}},"28":{"start":{"line":145,"column":34},"end":{"line":149,"column":1}},"29":{"start":{"line":146,"column":2},"end":{"line":148,"column":5}},"30":{"start":{"line":145,"column":13},"end":{"line":145,"column":34}}},"fnMap":{"0":{"name":"(anonymous_1)","decl":{"start":{"line":10,"column":34},"end":{"line":10,"column":39}},"loc":{"start":{"line":10,"column":74},"end":{"line":17,"column":1}}},"1":{"name":"(anonymous_2)","decl":{"start":{"line":43,"column":40},"end":{"line":43,"column":45}},"loc":{"start":{"line":47,"column":22},"end":{"line":93,"column":1}}},"2":{"name":"(anonymous_3)","decl":{"start":{"line":79,"column":19},"end":{"line":79,"column":20}},"loc":{"start":{"line":79,"column":28},"end":{"line":92,"column":3}}},"3":{"name":"(anonymous_4)","decl":{"start":{"line":80,"column":39},"end":{"line":80,"column":40}},"loc":{"start":{"line":80,"column":46},"end":{"line":80,"column":66}}},"4":{"name":"(anonymous_5)","decl":{"start":{"line":81,"column":40},"end":{"line":81,"column":41}},"loc":{"start":{"line":81,"column":47},"end":{"line":81,"column":67}}},"5":{"name":"(anonymous_6)","decl":{"start":{"line":95,"column":41},"end":{"line":95,"column":46}},"loc":{"start":{"line":99,"column":5},"end":{"line":129,"column":1}}},"6":{"name":"(anonymous_7)","decl":{"start":{"line":131,"column":34},"end":{"line":131,"column":39}},"loc":{"start":{"line":134,"column":4},"end":{"line":143,"column":1}}},"7":{"name":"(anonymous_8)","decl":{"start":{"line":145,"column":34},"end":{"line":145,"column":39}},"loc":{"start":{"line":145,"column":55},"end":{"line":149,"column":1}}}},"branchMap":{"0":{"loc":{"start":{"line":57,"column":8},"end":{"line":57,"column":30}},"type":"binary-expr","locations":[{"start":{"line":57,"column":8},"end":{"line":57,"column":15}},{"start":{"line":57,"column":19},"end":{"line":57,"column":30}}]},"1":{"loc":{"start":{"line":58,"column":8},"end":{"line":58,"column":28}},"type":"binary-expr","locations":[{"start":{"line":58,"column":8},"end":{"line":58,"column":14}},{"start":{"line":58,"column":18},"end":{"line":58,"column":28}}]},"2":{"loc":{"start":{"line":71,"column":2},"end":{"line":76,"column":3}},"type":"if","locations":[{"start":{"line":71,"column":2},"end":{"line":76,"column":3}}]},"3":{"loc":{"start":{"line":88,"column":21},"end":{"line":88,"column":44}},"type":"binary-expr","locations":[{"start":{"line":88,"column":21},"end":{"line":88,"column":39}},{"start":{"line":88,"column":43},"end":{"line":88,"column":44}}]},"4":{"loc":{"start":{"line":89,"column":19},"end":{"line":89,"column":44}},"type":"binary-expr","locations":[{"start":{"line":89,"column":19},"end":{"line":89,"column":39}},{"start":{"line":89,"column":43},"end":{"line":89,"column":44}}]},"5":{"loc":{"start":{"line":90,"column":18},"end":{"line":90,"column":44}},"type":"binary-expr","locations":[{"start":{"line":90,"column":18},"end":{"line":90,"column":36}},{"start":{"line":90,"column":40},"end":{"line":90,"column":44}}]},"6":{"loc":{"start":{"line":100,"column":40},"end":{"line":102,"column":8}},"type":"cond-expr","locations":[{"start":{"line":101,"column":6},"end":{"line":101,"column":75}},{"start":{"line":102,"column":6},"end":{"line":102,"column":8}}]},"7":{"loc":{"start":{"line":135,"column":2},"end":{"line":137,"column":3}},"type":"if","locations":[{"start":{"line":135,"column":2},"end":{"line":137,"column":3}}]},"8":{"loc":{"start":{"line":135,"column":6},"end":{"line":135,"column":62}},"type":"binary-expr","locations":[{"start":{"line":135,"column":6},"end":{"line":135,"column":22}},{"start":{"line":135,"column":26},"end":{"line":135,"column":62}}]}},"s":{"0":3,"1":3,"2":1,"3":3,"4":3,"5":1,"6":1,"7":1,"8":1,"9":1,"10":0,"11":1,"12":0,"13":0,"14":0,"15":0,"16":0,"17":3,"18":3,"19":0,"20":0,"21":0,"22":3,"23":3,"24":1,"25":0,"26":1,"27":3,"28":3,"29":1,"30":3},"f":{"0":1,"1":1,"2":0,"3":0,"4":0,"5":0,"6":1,"7":1},"b":{"0":[1,0],"1":[1,0],"2":[0],"3":[0,0],"4":[0,0],"5":[0,0],"6":[0,0],"7":[0],"8":[1,0]}}
,"C:\\Users\\Jack\\Desktop\\apps\\rhcp-reviews\\backend\\src\\services\\email.service.ts": {"path":"C:\\Users\\Jack\\Desktop\\apps\\rhcp-reviews\\backend\\src\\services\\email.service.ts","statementMap":{"0":{"start":{"line":1,"column":0},"end":{"line":1,"column":36}},"1":{"start":{"line":3,"column":20},"end":{"line":9,"column":2}},"2":{"start":{"line":11,"column":35},"end":{"line":38,"column":1}},"3":{"start":{"line":16,"column":21},"end":{"line":16,"column":74}},"4":{"start":{"line":18,"column":2},"end":{"line":37,"column":5}},"5":{"start":{"line":11,"column":13},"end":{"line":11,"column":35}}},"fnMap":{"0":{"name":"(anonymous_1)","decl":{"start":{"line":11,"column":35},"end":{"line":11,"column":40}},"loc":{"start":{"line":15,"column":4},"end":{"line":38,"column":1}}}},"branchMap":{},"s":{"0":3,"1":3,"2":3,"3":0,"4":0,"5":3},"f":{"0":0},"b":{}}
,"C:\\Users\\Jack\\Desktop\\apps\\rhcp-reviews\\backend\\src\\services\\group.service.ts": {"path":"C:\\Users\\Jack\\Desktop\\apps\\rhcp-reviews\\backend\\src\\services\\group.service.ts","statementMap":{"0":{"start":{"line":1,"column":0},"end":{"line":1,"column":37}},"1":{"start":{"line":2,"column":0},"end":{"line":2,"column":null}},"2":{"start":{"line":7,"column":0},"end":{"line":7,"column":28}},"3":{"start":{"line":8,"column":0},"end":{"line":8,"column":57}},"4":{"start":{"line":23,"column":34},"end":{"line":51,"column":1}},"5":{"start":{"line":24,"column":2},"end":{"line":26,"column":3}},"6":{"start":{"line":25,"column":4},"end":{"line":25,"column":74}},"7":{"start":{"line":28,"column":2},"end":{"line":50,"column":5}},"8":{"start":{"line":23,"column":13},"end":{"line":23,"column":34}},"9":{"start":{"line":53,"column":34},"end":{"line":70,"column":1}},"10":{"start":{"line":54,"column":21},"end":{"line":61,"column":4}},"11":{"start":{"line":63,"column":2},"end":{"line":65,"column":3}},"12":{"start":{"line":64,"column":4},"end":{"line":64,"column":58}},"13":{"start":{"line":67,"column":2},"end":{"line":69,"column":5}},"14":{"start":{"line":53,"column":13},"end":{"line":53,"column":34}},"15":{"start":{"line":72,"column":34},"end":{"line":97,"column":1}},"16":{"start":{"line":77,"column":21},"end":{"line":84,"column":4}},"17":{"start":{"line":86,"column":2},"end":{"line":88,"column":3}},"18":{"start":{"line":87,"column":4},"end":{"line":87,"column":58}},"19":{"start":{"line":90,"column":2},"end":{"line":96,"column":5}},"20":{"start":{"line":72,"column":13},"end":{"line":72,"column":34}},"21":{"start":{"line":99,"column":38},"end":{"line":124,"column":1}},"22":{"start":{"line":104,"column":16},"end":{"line":112,"column":4}},"23":{"start":{"line":114,"column":2},"end":{"line":114,"column":57}},"24":{"start":{"line":114,"column":14},"end":{"line":114,"column":57}},"25":{"start":{"line":115,"column":2},"end":{"line":117,"column":3}},"26":{"start":{"line":116,"column":4},"end":{"line":116,"column":58}},"27":{"start":{"line":118,"column":2},"end":{"line":120,"column":3}},"28":{"start":{"line":119,"column":4},"end":{"line":119,"column":73}},"29":{"start":{"line":122,"column":2},"end":{"line":122,"column":66}},"30":{"start":{"line":123,"column":2},"end":{"line":123,"column":40}},"31":{"start":{"line":99,"column":13},"end":{"line":99,"column":38}},"32":{"start":{"line":126,"column":32},"end":{"line":156,"column":1}},"33":{"start":{"line":127,"column":16},"end":{"line":129,"column":4}},"34":{"start":{"line":131,"column":2},"end":{"line":131,"column":65}},"35":{"start":{"line":131,"column":14},"end":{"line":131,"column":65}},"36":{"start":{"line":133,"column":29},"end":{"line":140,"column":4}},"37":{"start":{"line":142,"column":2},"end":{"line":144,"column":3}},"38":{"start":{"line":143,"column":4},"end":{"line":143,"column":56}},"39":{"start":{"line":146,"column":2},"end":{"line":155,"column":5}},"40":{"start":{"line":126,"column":13},"end":{"line":126,"column":32}},"41":{"start":{"line":158,"column":36},"end":{"line":173,"column":1}},"42":{"start":{"line":159,"column":2},"end":{"line":172,"column":5}},"43":{"start":{"line":158,"column":13},"end":{"line":158,"column":36}},"44":{"start":{"line":175,"column":41},"end":{"line":191,"column":1}},"45":{"start":{"line":180,"column":26},"end":{"line":188,"column":4}},"46":{"start":{"line":190,"column":2},"end":{"line":190,"column":77}},"47":{"start":{"line":175,"column":13},"end":{"line":175,"column":41}}},"fnMap":{"0":{"name":"(anonymous_1)","decl":{"start":{"line":23,"column":34},"end":{"line":23,"column":39}},"loc":{"start":{"line":23,"column":67},"end":{"line":51,"column":1}}},"1":{"name":"(anonymous_2)","decl":{"start":{"line":53,"column":34},"end":{"line":53,"column":39}},"loc":{"start":{"line":53,"column":76},"end":{"line":70,"column":1}}},"2":{"name":"(anonymous_3)","decl":{"start":{"line":72,"column":34},"end":{"line":72,"column":39}},"loc":{"start":{"line":76,"column":4},"end":{"line":97,"column":1}}},"3":{"name":"(anonymous_4)","decl":{"start":{"line":99,"column":38},"end":{"line":99,"column":43}},"loc":{"start":{"line":103,"column":4},"end":{"line":124,"column":1}}},"4":{"name":"(anonymous_5)","decl":{"start":{"line":126,"column":32},"end":{"line":126,"column":37}},"loc":{"start":{"line":126,"column":77},"end":{"line":156,"column":1}}},"5":{"name":"(anonymous_6)","decl":{"start":{"line":158,"column":36},"end":{"line":158,"column":41}},"loc":{"start":{"line":158,"column":61},"end":{"line":173,"column":1}}},"6":{"name":"(anonymous_7)","decl":{"start":{"line":175,"column":41},"end":{"line":175,"column":46}},"loc":{"start":{"line":179,"column":4},"end":{"line":191,"column":1}}}},"branchMap":{"0":{"loc":{"start":{"line":24,"column":2},"end":{"line":26,"column":3}},"type":"if","locations":[{"start":{"line":24,"column":2},"end":{"line":26,"column":3}}]},"1":{"loc":{"start":{"line":24,"column":6},"end":{"line":24,"column":47}},"type":"binary-expr","locations":[{"start":{"line":24,"column":6},"end":{"line":24,"column":16}},{"start":{"line":24,"column":20},"end":{"line":24,"column":47}}]},"2":{"loc":{"start":{"line":33,"column":18},"end":{"line":33,"column":79}},"type":"cond-expr","locations":[{"start":{"line":33,"column":35},"end":{"line":33,"column":72}},{"start":{"line":33,"column":75},"end":{"line":33,"column":79}}]},"3":{"loc":{"start":{"line":63,"column":2},"end":{"line":65,"column":3}},"type":"if","locations":[{"start":{"line":63,"column":2},"end":{"line":65,"column":3}}]},"4":{"loc":{"start":{"line":63,"column":6},"end":{"line":63,"column":48}},"type":"binary-expr","locations":[{"start":{"line":63,"column":6},"end":{"line":63,"column":17}},{"start":{"line":63,"column":21},"end":{"line":63,"column":48}}]},"5":{"loc":{"start":{"line":86,"column":2},"end":{"line":88,"column":3}},"type":"if","locations":[{"start":{"line":86,"column":2},"end":{"line":88,"column":3}}]},"6":{"loc":{"start":{"line":86,"column":6},"end":{"line":86,"column":48}},"type":"binary-expr","locations":[{"start":{"line":86,"column":6},"end":{"line":86,"column":17}},{"start":{"line":86,"column":21},"end":{"line":86,"column":48}}]},"7":{"loc":{"start":{"line":114,"column":2},"end":{"line":114,"column":57}},"type":"if","locations":[{"start":{"line":114,"column":2},"end":{"line":114,"column":57}}]},"8":{"loc":{"start":{"line":115,"column":2},"end":{"line":117,"column":3}},"type":"if","locations":[{"start":{"line":115,"column":2},"end":{"line":117,"column":3}}]},"9":{"loc":{"start":{"line":115,"column":6},"end":{"line":115,"column":60}},"type":"binary-expr","locations":[{"start":{"line":115,"column":6},"end":{"line":115,"column":23}},{"start":{"line":115,"column":27},"end":{"line":115,"column":60}}]},"10":{"loc":{"start":{"line":118,"column":2},"end":{"line":120,"column":3}},"type":"if","locations":[{"start":{"line":118,"column":2},"end":{"line":120,"column":3}}]},"11":{"loc":{"start":{"line":131,"column":2},"end":{"line":131,"column":65}},"type":"if","locations":[{"start":{"line":131,"column":2},"end":{"line":131,"column":65}}]},"12":{"loc":{"start":{"line":142,"column":2},"end":{"line":144,"column":3}},"type":"if","locations":[{"start":{"line":142,"column":2},"end":{"line":144,"column":3}}]}},"s":{"0":3,"1":3,"2":3,"3":3,"4":3,"5":0,"6":0,"7":0,"8":3,"9":3,"10":0,"11":0,"12":0,"13":0,"14":3,"15":3,"16":0,"17":0,"18":0,"19":0,"20":3,"21":3,"22":0,"23":0,"24":0,"25":0,"26":0,"27":0,"28":0,"29":0,"30":0,"31":3,"32":3,"33":0,"34":0,"35":0,"36":0,"37":0,"38":0,"39":0,"40":3,"41":3,"42":0,"43":3,"44":3,"45":0,"46":0,"47":3},"f":{"0":0,"1":0,"2":0,"3":0,"4":0,"5":0,"6":0},"b":{"0":[0],"1":[0,0],"2":[0,0],"3":[0],"4":[0,0],"5":[0],"6":[0,0],"7":[0],"8":[0],"9":[0,0],"10":[0],"11":[0],"12":[0]}}
,"C:\\Users\\Jack\\Desktop\\apps\\rhcp-reviews\\backend\\src\\services\\review.service.ts": {"path":"C:\\Users\\Jack\\Desktop\\apps\\rhcp-reviews\\backend\\src\\services\\review.service.ts","statementMap":{"0":{"start":{"line":2,"column":0},"end":{"line":2,"column":37}},"1":{"start":{"line":3,"column":0},"end":{"line":3,"column":null}},"2":{"start":{"line":33,"column":35},"end":{"line":76,"column":1}},"3":{"start":{"line":41,"column":2},"end":{"line":45,"column":3}},"4":{"start":{"line":42,"column":4},"end":{"line":44,"column":7}},"5":{"start":{"line":48,"column":15},"end":{"line":50,"column":4}},"6":{"start":{"line":51,"column":2},"end":{"line":51,"column":55}},"7":{"start":{"line":51,"column":13},"end":{"line":51,"column":55}},"8":{"start":{"line":54,"column":2},"end":{"line":64,"column":3}},"9":{"start":{"line":55,"column":23},"end":{"line":62,"column":6}},"10":{"start":{"line":63,"column":4},"end":{"line":63,"column":68}},"11":{"start":{"line":63,"column":21},"end":{"line":63,"column":68}},"12":{"start":{"line":67,"column":2},"end":{"line":75,"column":5}},"13":{"start":{"line":33,"column":13},"end":{"line":33,"column":35}},"14":{"start":{"line":78,"column":33},"end":{"line":106,"column":1}},"15":{"start":{"line":79,"column":17},"end":{"line":79,"column":38}},"16":{"start":{"line":81,"column":41},"end":{"line":81,"column":65}},"17":{"start":{"line":83,"column":27},"end":{"line":96,"column":4}},"18":{"start":{"line":98,"column":2},"end":{"line":105,"column":4}},"19":{"start":{"line":78,"column":13},"end":{"line":78,"column":33}},"20":{"start":{"line":109,"column":21},"end":{"line":120,"column":1}},"21":{"start":{"line":110,"column":2},"end":{"line":119,"column":4}},"22":{"start":{"line":123,"column":25},"end":{"line":147,"column":1}},"23":{"start":{"line":124,"column":2},"end":{"line":146,"column":4}},"24":{"start":{"line":150,"column":18},"end":{"line":154,"column":1}},"25":{"start":{"line":151,"column":2},"end":{"line":151,"column":36}},"26":{"start":{"line":151,"column":19},"end":{"line":151,"column":36}},"27":{"start":{"line":152,"column":15},"end":{"line":152,"column":35}},"28":{"start":{"line":153,"column":2},"end":{"line":153,"column":50}}},"fnMap":{"0":{"name":"(anonymous_1)","decl":{"start":{"line":33,"column":35},"end":{"line":33,"column":40}},"loc":{"start":{"line":39,"column":5},"end":{"line":76,"column":1}}},"1":{"name":"(anonymous_2)","decl":{"start":{"line":78,"column":33},"end":{"line":78,"column":38}},"loc":{"start":{"line":78,"column":66},"end":{"line":106,"column":1}}},"2":{"name":"(anonymous_3)","decl":{"start":{"line":109,"column":21},"end":{"line":109,"column":22}},"loc":{"start":{"line":109,"column":63},"end":{"line":120,"column":1}}},"3":{"name":"(anonymous_4)","decl":{"start":{"line":123,"column":25},"end":{"line":123,"column":26}},"loc":{"start":{"line":123,"column":76},"end":{"line":147,"column":1}}},"4":{"name":"(anonymous_5)","decl":{"start":{"line":150,"column":18},"end":{"line":150,"column":19}},"loc":{"start":{"line":150,"column":60},"end":{"line":154,"column":1}}}},"branchMap":{"0":{"loc":{"start":{"line":41,"column":2},"end":{"line":45,"column":3}},"type":"if","locations":[{"start":{"line":41,"column":2},"end":{"line":45,"column":3}}]},"1":{"loc":{"start":{"line":41,"column":6},"end":{"line":41,"column":41}},"type":"binary-expr","locations":[{"start":{"line":41,"column":6},"end":{"line":41,"column":21}},{"start":{"line":41,"column":25},"end":{"line":41,"column":41}}]},"2":{"loc":{"start":{"line":51,"column":2},"end":{"line":51,"column":55}},"type":"if","locations":[{"start":{"line":51,"column":2},"end":{"line":51,"column":55}}]},"3":{"loc":{"start":{"line":54,"column":2},"end":{"line":64,"column":3}},"type":"if","locations":[{"start":{"line":54,"column":2},"end":{"line":64,"column":3}}]},"4":{"loc":{"start":{"line":63,"column":4},"end":{"line":63,"column":68}},"type":"if","locations":[{"start":{"line":63,"column":4},"end":{"line":63,"column":68}}]},"5":{"loc":{"start":{"line":112,"column":15},"end":{"line":112,"column":72}},"type":"cond-expr","locations":[{"start":{"line":112,"column":35},"end":{"line":112,"column":60}},{"start":{"line":112,"column":63},"end":{"line":112,"column":72}}]},"6":{"loc":{"start":{"line":113,"column":15},"end":{"line":113,"column":72}},"type":"cond-expr","locations":[{"start":{"line":113,"column":35},"end":{"line":113,"column":60}},{"start":{"line":113,"column":63},"end":{"line":113,"column":72}}]},"7":{"loc":{"start":{"line":116,"column":20},"end":{"line":116,"column":47}},"type":"binary-expr","locations":[{"start":{"line":116,"column":20},"end":{"line":116,"column":41}},{"start":{"line":116,"column":45},"end":{"line":116,"column":47}}]},"8":{"loc":{"start":{"line":117,"column":19},"end":{"line":117,"column":44}},"type":"binary-expr","locations":[{"start":{"line":117,"column":19},"end":{"line":117,"column":39}},{"start":{"line":117,"column":43},"end":{"line":117,"column":44}}]},"9":{"loc":{"start":{"line":129,"column":14},"end":{"line":138,"column":16}},"type":"cond-expr","locations":[{"start":{"line":130,"column":14},"end":{"line":137,"column":null}},{"start":{"line":138,"column":14},"end":{"line":138,"column":16}}]},"10":{"loc":{"start":{"line":141,"column":10},"end":{"line":141,"column":73}},"type":"cond-expr","locations":[{"start":{"line":141,"column":29},"end":{"line":141,"column":68}},{"start":{"line":141,"column":71},"end":{"line":141,"column":73}}]},"11":{"loc":{"start":{"line":142,"column":10},"end":{"line":142,"column":73}},"type":"cond-expr","locations":[{"start":{"line":142,"column":29},"end":{"line":142,"column":68}},{"start":{"line":142,"column":71},"end":{"line":142,"column":73}}]},"12":{"loc":{"start":{"line":143,"column":10},"end":{"line":143,"column":76}},"type":"cond-expr","locations":[{"start":{"line":143,"column":29},"end":{"line":143,"column":71}},{"start":{"line":143,"column":74},"end":{"line":143,"column":76}}]},"13":{"loc":{"start":{"line":144,"column":10},"end":{"line":144,"column":72}},"type":"cond-expr","locations":[{"start":{"line":144,"column":27},"end":{"line":144,"column":67}},{"start":{"line":144,"column":70},"end":{"line":144,"column":72}}]},"14":{"loc":{"start":{"line":151,"column":2},"end":{"line":151,"column":36}},"type":"if","locations":[{"start":{"line":151,"column":2},"end":{"line":151,"column":36}}]},"15":{"loc":{"start":{"line":153,"column":9},"end":{"line":153,"column":49}},"type":"cond-expr","locations":[{"start":{"line":153,"column":33},"end":{"line":153,"column":42}},{"start":{"line":153,"column":45},"end":{"line":153,"column":49}}]}},"s":{"0":3,"1":3,"2":3,"3":1,"4":0,"5":1,"6":1,"7":0,"8":1,"9":0,"10":0,"11":0,"12":1,"13":3,"14":3,"15":0,"16":0,"17":0,"18":0,"19":3,"20":3,"21":0,"22":3,"23":0,"24":3,"25":0,"26":0,"27":0,"28":0},"f":{"0":1,"1":0,"2":0,"3":0,"4":0},"b":{"0":[0],"1":[1,1],"2":[0],"3":[0],"4":[0],"5":[0,0],"6":[0,0],"7":[0,0],"8":[0,0],"9":[0,0],"10":[0,0],"11":[0,0],"12":[0,0],"13":[0,0],"14":[0],"15":[0,0]}}
,"C:\\Users\\Jack\\Desktop\\apps\\rhcp-reviews\\backend\\src\\services\\song.service.ts": {"path":"C:\\Users\\Jack\\Desktop\\apps\\rhcp-reviews\\backend\\src\\services\\song.service.ts","statementMap":{"0":{"start":{"line":2,"column":0},"end":{"line":2,"column":37}},"1":{"start":{"line":3,"column":0},"end":{"line":3,"column":75}},"2":{"start":{"line":5,"column":31},"end":{"line":34,"column":1}},"3":{"start":{"line":11,"column":39},"end":{"line":16,"column":4}},"4":{"start":{"line":18,"column":25},"end":{"line":24,"column":4}},"5":{"start":{"line":26,"column":2},"end":{"line":33,"column":4}},"6":{"start":{"line":5,"column":13},"end":{"line":5,"column":31}},"7":{"start":{"line":36,"column":30},"end":{"line":53,"column":1}},"8":{"start":{"line":37,"column":15},"end":{"line":49,"column":4}},"9":{"start":{"line":51,"column":2},"end":{"line":51,"column":55}},"10":{"start":{"line":51,"column":13},"end":{"line":51,"column":55}},"11":{"start":{"line":52,"column":2},"end":{"line":52,"column":14}},"12":{"start":{"line":36,"column":13},"end":{"line":36,"column":30}},"13":{"start":{"line":55,"column":33},"end":{"line":70,"column":1}},"14":{"start":{"line":56,"column":2},"end":{"line":60,"column":3}},"15":{"start":{"line":57,"column":4},"end":{"line":59,"column":7}},"16":{"start":{"line":62,"column":2},"end":{"line":64,"column":3}},"17":{"start":{"line":63,"column":4},"end":{"line":63,"column":79}},"18":{"start":{"line":66,"column":2},"end":{"line":69,"column":5}},"19":{"start":{"line":55,"column":13},"end":{"line":55,"column":33}},"20":{"start":{"line":72,"column":33},"end":{"line":81,"column":1}},"21":{"start":{"line":76,"column":2},"end":{"line":80,"column":5}},"22":{"start":{"line":72,"column":13},"end":{"line":72,"column":33}},"23":{"start":{"line":83,"column":33},"end":{"line":87,"column":1}},"24":{"start":{"line":84,"column":2},"end":{"line":86,"column":5}},"25":{"start":{"line":83,"column":13},"end":{"line":83,"column":33}}},"fnMap":{"0":{"name":"(anonymous_1)","decl":{"start":{"line":5,"column":31},"end":{"line":5,"column":36}},"loc":{"start":{"line":10,"column":5},"end":{"line":34,"column":1}}},"1":{"name":"(anonymous_2)","decl":{"start":{"line":36,"column":30},"end":{"line":36,"column":35}},"loc":{"start":{"line":36,"column":55},"end":{"line":53,"column":1}}},"2":{"name":"(anonymous_3)","decl":{"start":{"line":55,"column":33},"end":{"line":55,"column":38}},"loc":{"start":{"line":55,"column":72},"end":{"line":70,"column":1}}},"3":{"name":"(anonymous_4)","decl":{"start":{"line":72,"column":33},"end":{"line":72,"column":38}},"loc":{"start":{"line":75,"column":4},"end":{"line":81,"column":1}}},"4":{"name":"(anonymous_5)","decl":{"start":{"line":83,"column":33},"end":{"line":83,"column":38}},"loc":{"start":{"line":83,"column":58},"end":{"line":87,"column":1}}}},"branchMap":{"0":{"loc":{"start":{"line":12,"column":8},"end":{"line":12,"column":63}},"type":"binary-expr","locations":[{"start":{"line":12,"column":8},"end":{"line":12,"column":23}},{"start":{"line":12,"column":27},"end":{"line":12,"column":63}}]},"1":{"loc":{"start":{"line":13,"column":8},"end":{"line":15,"column":6}},"type":"binary-expr","locations":[{"start":{"line":13,"column":8},"end":{"line":13,"column":22}},{"start":{"line":13,"column":26},"end":{"line":15,"column":6}}]},"2":{"loc":{"start":{"line":30,"column":12},"end":{"line":30,"column":29}},"type":"binary-expr","locations":[{"start":{"line":30,"column":12},"end":{"line":30,"column":24}},{"start":{"line":30,"column":28},"end":{"line":30,"column":29}}]},"3":{"loc":{"start":{"line":31,"column":37},"end":{"line":31,"column":56}},"type":"binary-expr","locations":[{"start":{"line":31,"column":37},"end":{"line":31,"column":50}},{"start":{"line":31,"column":54},"end":{"line":31,"column":56}}]},"4":{"loc":{"start":{"line":51,"column":2},"end":{"line":51,"column":55}},"type":"if","locations":[{"start":{"line":51,"column":2},"end":{"line":51,"column":55}}]},"5":{"loc":{"start":{"line":56,"column":2},"end":{"line":60,"column":3}},"type":"if","locations":[{"start":{"line":56,"column":2},"end":{"line":60,"column":3}}]},"6":{"loc":{"start":{"line":56,"column":6},"end":{"line":56,"column":49}},"type":"binary-expr","locations":[{"start":{"line":56,"column":6},"end":{"line":56,"column":17}},{"start":{"line":56,"column":21},"end":{"line":56,"column":49}}]},"7":{"loc":{"start":{"line":62,"column":2},"end":{"line":64,"column":3}},"type":"if","locations":[{"start":{"line":62,"column":2},"end":{"line":64,"column":3}}]}},"s":{"0":3,"1":3,"2":3,"3":0,"4":0,"5":0,"6":3,"7":3,"8":0,"9":0,"10":0,"11":0,"12":3,"13":3,"14":0,"15":0,"16":0,"17":0,"18":0,"19":3,"20":3,"21":0,"22":3,"23":3,"24":0,"25":3},"f":{"0":0,"1":0,"2":0,"3":0,"4":0},"b":{"0":[0,0],"1":[0,0],"2":[0,0],"3":[0,0],"4":[0],"5":[0],"6":[0,0],"7":[0]}}
,"C:\\Users\\Jack\\Desktop\\apps\\rhcp-reviews\\backend\\src\\services\\user.service.ts": {"path":"C:\\Users\\Jack\\Desktop\\apps\\rhcp-reviews\\backend\\src\\services\\user.service.ts","statementMap":{"0":{"start":{"line":1,"column":0},"end":{"line":1,"column":40}},"1":{"start":{"line":2,"column":0},"end":{"line":2,"column":37}},"2":{"start":{"line":3,"column":0},"end":{"line":3,"column":30}},"3":{"start":{"line":4,"column":0},"end":{"line":4,"column":31}},"4":{"start":{"line":5,"column":0},"end":{"line":5,"column":null}},"5":{"start":{"line":11,"column":19},"end":{"line":11,"column":21}},"6":{"start":{"line":13,"column":35},"end":{"line":51,"column":1}},"7":{"start":{"line":18,"column":2},"end":{"line":22,"column":3}},"8":{"start":{"line":19,"column":4},"end":{"line":21,"column":7}},"9":{"start":{"line":24,"column":25},"end":{"line":24,"column":69}},"10":{"start":{"line":26,"column":2},"end":{"line":50,"column":3}},"11":{"start":{"line":27,"column":4},"end":{"line":39,"column":7}},"12":{"start":{"line":41,"column":4},"end":{"line":48,"column":5}},"13":{"start":{"line":42,"column":6},"end":{"line":47,"column":7}},"14":{"start":{"line":43,"column":23},"end":{"line":43,"column":59}},"15":{"start":{"line":44,"column":8},"end":{"line":46,"column":11}},"16":{"start":{"line":49,"column":4},"end":{"line":49,"column":16}},"17":{"start":{"line":13,"column":13},"end":{"line":13,"column":35}},"18":{"start":{"line":53,"column":32},"end":{"line":94,"column":1}},"19":{"start":{"line":54,"column":15},"end":{"line":63,"column":4}},"20":{"start":{"line":65,"column":2},"end":{"line":67,"column":3}},"21":{"start":{"line":66,"column":4},"end":{"line":66,"column":57}},"22":{"start":{"line":69,"column":2},"end":{"line":71,"column":3}},"23":{"start":{"line":70,"column":4},"end":{"line":70,"column":63}},"24":{"start":{"line":73,"column":22},"end":{"line":75,"column":4}},"25":{"start":{"line":76,"column":23},"end":{"line":78,"column":4}},"26":{"start":{"line":80,"column":2},"end":{"line":83,"column":5}},"27":{"start":{"line":84,"column":2},"end":{"line":93,"column":4}},"28":{"start":{"line":53,"column":13},"end":{"line":53,"column":32}},"29":{"start":{"line":96,"column":37},"end":{"line":120,"column":1}},"30":{"start":{"line":97,"column":15},"end":{"line":116,"column":4}},"31":{"start":{"line":118,"column":2},"end":{"line":118,"column":55}},"32":{"start":{"line":118,"column":13},"end":{"line":118,"column":55}},"33":{"start":{"line":119,"column":2},"end":{"line":119,"column":14}},"34":{"start":{"line":96,"column":13},"end":{"line":96,"column":37}},"35":{"start":{"line":122,"column":33},"end":{"line":145,"column":1}},"36":{"start":{"line":131,"column":2},"end":{"line":133,"column":3}},"37":{"start":{"line":132,"column":4},"end":{"line":132,"column":65}},"38":{"start":{"line":135,"column":2},"end":{"line":144,"column":5}},"39":{"start":{"line":122,"column":13},"end":{"line":122,"column":33}},"40":{"start":{"line":147,"column":35},"end":{"line":194,"column":1}},"41":{"start":{"line":148,"column":2},"end":{"line":150,"column":3}},"42":{"start":{"line":149,"column":4},"end":{"line":149,"column":63}},"43":{"start":{"line":152,"column":2},"end":{"line":193,"column":3}},"44":{"start":{"line":153,"column":20},"end":{"line":153,"column":null}},"45":{"start":{"line":157,"column":17},"end":{"line":160,"column":6}},"46":{"start":{"line":162,"column":4},"end":{"line":164,"column":5}},"47":{"start":{"line":163,"column":6},"end":{"line":163,"column":61}},"48":{"start":{"line":167,"column":27},"end":{"line":169,"column":6}},"49":{"start":{"line":171,"column":28},"end":{"line":173,"column":6}},"50":{"start":{"line":176,"column":4},"end":{"line":179,"column":7}},"51":{"start":{"line":181,"column":4},"end":{"line":184,"column":6}},"52":{"start":{"line":186,"column":4},"end":{"line":188,"column":5}},"53":{"start":{"line":187,"column":6},"end":{"line":187,"column":61}},"54":{"start":{"line":189,"column":4},"end":{"line":191,"column":5}},"55":{"start":{"line":190,"column":6},"end":{"line":190,"column":61}},"56":{"start":{"line":192,"column":4},"end":{"line":192,"column":58}},"57":{"start":{"line":147,"column":13},"end":{"line":147,"column":35}},"58":{"start":{"line":195,"column":33},"end":{"line":199,"column":1}},"59":{"start":{"line":196,"column":2},"end":{"line":198,"column":5}},"60":{"start":{"line":195,"column":13},"end":{"line":195,"column":33}}},"fnMap":{"0":{"name":"(anonymous_1)","decl":{"start":{"line":13,"column":35},"end":{"line":13,"column":40}},"loc":{"start":{"line":17,"column":5},"end":{"line":51,"column":1}}},"1":{"name":"(anonymous_2)","decl":{"start":{"line":53,"column":32},"end":{"line":53,"column":37}},"loc":{"start":{"line":53,"column":74},"end":{"line":94,"column":1}}},"2":{"name":"(anonymous_3)","decl":{"start":{"line":96,"column":37},"end":{"line":96,"column":42}},"loc":{"start":{"line":96,"column":62},"end":{"line":120,"column":1}}},"3":{"name":"(anonymous_4)","decl":{"start":{"line":122,"column":33},"end":{"line":122,"column":38}},"loc":{"start":{"line":130,"column":4},"end":{"line":145,"column":1}}},"4":{"name":"(anonymous_5)","decl":{"start":{"line":147,"column":35},"end":{"line":147,"column":40}},"loc":{"start":{"line":147,"column":66},"end":{"line":194,"column":1}}},"5":{"name":"(anonymous_6)","decl":{"start":{"line":195,"column":33},"end":{"line":195,"column":38}},"loc":{"start":{"line":195,"column":58},"end":{"line":199,"column":1}}}},"branchMap":{"0":{"loc":{"start":{"line":18,"column":2},"end":{"line":22,"column":3}},"type":"if","locations":[{"start":{"line":18,"column":2},"end":{"line":22,"column":3}}]},"1":{"loc":{"start":{"line":41,"column":4},"end":{"line":48,"column":5}},"type":"if","locations":[{"start":{"line":41,"column":4},"end":{"line":48,"column":5}}]},"2":{"loc":{"start":{"line":42,"column":6},"end":{"line":47,"column":7}},"type":"if","locations":[{"start":{"line":42,"column":6},"end":{"line":47,"column":7}}]},"3":{"loc":{"start":{"line":65,"column":2},"end":{"line":67,"column":3}},"type":"if","locations":[{"start":{"line":65,"column":2},"end":{"line":67,"column":3}}]},"4":{"loc":{"start":{"line":65,"column":6},"end":{"line":65,"column":63}},"type":"binary-expr","locations":[{"start":{"line":65,"column":6},"end":{"line":65,"column":11}},{"start":{"line":65,"column":15},"end":{"line":65,"column":63}}]},"5":{"loc":{"start":{"line":69,"column":2},"end":{"line":71,"column":3}},"type":"if","locations":[{"start":{"line":69,"column":2},"end":{"line":71,"column":3}}]},"6":{"loc":{"start":{"line":118,"column":2},"end":{"line":118,"column":55}},"type":"if","locations":[{"start":{"line":118,"column":2},"end":{"line":118,"column":55}}]},"7":{"loc":{"start":{"line":131,"column":2},"end":{"line":133,"column":3}},"type":"if","locations":[{"start":{"line":131,"column":2},"end":{"line":133,"column":3}}]},"8":{"loc":{"start":{"line":148,"column":2},"end":{"line":150,"column":3}},"type":"if","locations":[{"start":{"line":148,"column":2},"end":{"line":150,"column":3}}]},"9":{"loc":{"start":{"line":162,"column":4},"end":{"line":164,"column":5}},"type":"if","locations":[{"start":{"line":162,"column":4},"end":{"line":164,"column":5}}]},"10":{"loc":{"start":{"line":162,"column":8},"end":{"line":162,"column":51}},"type":"binary-expr","locations":[{"start":{"line":162,"column":8},"end":{"line":162,"column":13}},{"start":{"line":162,"column":17},"end":{"line":162,"column":51}}]},"11":{"loc":{"start":{"line":186,"column":4},"end":{"line":188,"column":5}},"type":"if","locations":[{"start":{"line":186,"column":4},"end":{"line":188,"column":5}}]},"12":{"loc":{"start":{"line":189,"column":4},"end":{"line":191,"column":5}},"type":"if","locations":[{"start":{"line":189,"column":4},"end":{"line":191,"column":5}}]}},"s":{"0":3,"1":3,"2":3,"3":3,"4":3,"5":3,"6":3,"7":3,"8":0,"9":3,"10":3,"11":3,"12":0,"13":0,"14":0,"15":0,"16":0,"17":3,"18":3,"19":5,"20":5,"21":1,"22":4,"23":0,"24":4,"25":4,"26":4,"27":4,"28":3,"29":3,"30":0,"31":0,"32":0,"33":0,"34":3,"35":3,"36":0,"37":0,"38":0,"39":3,"40":3,"41":1,"42":0,"43":1,"44":1,"45":1,"46":1,"47":0,"48":1,"49":1,"50":1,"51":1,"52":0,"53":0,"54":0,"55":0,"56":0,"57":3,"58":3,"59":0,"60":3},"f":{"0":3,"1":5,"2":0,"3":0,"4":1,"5":0},"b":{"0":[0],"1":[0],"2":[0],"3":[1],"4":[5,4],"5":[0],"6":[0],"7":[0],"8":[0],"9":[0],"10":[1,1],"11":[0],"12":[0]}}
,"C:\\Users\\Jack\\Desktop\\apps\\rhcp-reviews\\backend\\src\\validators\\album.validator.ts": {"path":"C:\\Users\\Jack\\Desktop\\apps\\rhcp-reviews\\backend\\src\\validators\\album.validator.ts","statementMap":{"0":{"start":{"line":1,"column":0},"end":{"line":1,"column":24}},"1":{"start":{"line":3,"column":24},"end":{"line":19,"column":2}},"2":{"start":{"line":14,"column":22},"end":{"line":14,"column":48}},"3":{"start":{"line":21,"column":13},"end":{"line":23,"column":3}},"4":{"start":{"line":25,"column":13},"end":{"line":25,"column":59}}},"fnMap":{"0":{"name":"(anonymous_0)","decl":{"start":{"line":14,"column":12},"end":{"line":14,"column":13}},"loc":{"start":{"line":14,"column":22},"end":{"line":14,"column":48}}}},"branchMap":{},"s":{"0":3,"1":3,"2":1,"3":3,"4":3},"f":{"0":1},"b":{}}
,"C:\\Users\\Jack\\Desktop\\apps\\rhcp-reviews\\backend\\src\\validators\\group.validator.ts": {"path":"C:\\Users\\Jack\\Desktop\\apps\\rhcp-reviews\\backend\\src\\validators\\group.validator.ts","statementMap":{"0":{"start":{"line":1,"column":0},"end":{"line":1,"column":24}},"1":{"start":{"line":3,"column":13},"end":{"line":10,"column":3}}},"fnMap":{},"branchMap":{},"s":{"0":3,"1":3},"f":{},"b":{}}
,"C:\\Users\\Jack\\Desktop\\apps\\rhcp-reviews\\backend\\src\\validators\\song.validator.ts": {"path":"C:\\Users\\Jack\\Desktop\\apps\\rhcp-reviews\\backend\\src\\validators\\song.validator.ts","statementMap":{"0":{"start":{"line":1,"column":0},"end":{"line":1,"column":24}},"1":{"start":{"line":3,"column":13},"end":{"line":11,"column":3}}},"fnMap":{},"branchMap":{},"s":{"0":3,"1":3},"f":{},"b":{}}
,"C:\\Users\\Jack\\Desktop\\apps\\rhcp-reviews\\backend\\src\\validators\\user.validator.ts": {"path":"C:\\Users\\Jack\\Desktop\\apps\\rhcp-reviews\\backend\\src\\validators\\user.validator.ts","statementMap":{"0":{"start":{"line":1,"column":0},"end":{"line":1,"column":24}},"1":{"start":{"line":4,"column":2},"end":{"line":4,"column":62}},"2":{"start":{"line":7,"column":13},"end":{"line":13,"column":3}},"3":{"start":{"line":15,"column":13},"end":{"line":20,"column":3}},"4":{"start":{"line":22,"column":13},"end":{"line":26,"column":3}},"5":{"start":{"line":29,"column":13},"end":{"line":43,"column":44}},"6":{"start":{"line":42,"column":4},"end":{"line":42,"column":40}}},"fnMap":{"0":{"name":"(anonymous_0)","decl":{"start":{"line":40,"column":10},"end":{"line":40,"column":11}},"loc":{"start":{"line":40,"column":19},"end":{"line":43,"column":3}}}},"branchMap":{},"s":{"0":3,"1":3,"2":3,"3":3,"4":3,"5":3,"6":0},"f":{"0":0},"b":{}}
,"C:\\Users\\Jack\\Desktop\\apps\\rhcp-reviews\\backend\\tests\\helpers\\auth.ts": {"path":"C:\\Users\\Jack\\Desktop\\apps\\rhcp-reviews\\backend\\tests\\helpers\\auth.ts","statementMap":{"0":{"start":{"line":6,"column":0},"end":{"line":6,"column":7}},"1":{"start":{"line":1,"column":0},"end":{"line":1,"column":31}},"2":{"start":{"line":2,"column":0},"end":{"line":2,"column":32}},"3":{"start":{"line":3,"column":0},"end":{"line":3,"column":30}},"4":{"start":{"line":4,"column":0},"end":{"line":4,"column":30}},"5":{"start":{"line":7,"column":25},"end":{"line":7,"column":58}},"6":{"start":{"line":9,"column":15},"end":{"line":17,"column":4}},"7":{"start":{"line":19,"column":19},"end":{"line":22,"column":4}},"8":{"start":{"line":24,"column":2},"end":{"line":26,"column":3}},"9":{"start":{"line":25,"column":4},"end":{"line":25,"column":70}},"10":{"start":{"line":28,"column":2},"end":{"line":31,"column":4}}},"fnMap":{"0":{"name":"getTestUserToken","decl":{"start":{"line":6,"column":22},"end":{"line":6,"column":38}},"loc":{"start":{"line":6,"column":38},"end":{"line":32,"column":1}}}},"branchMap":{"0":{"loc":{"start":{"line":24,"column":2},"end":{"line":26,"column":3}},"type":"if","locations":[{"start":{"line":24,"column":2},"end":{"line":26,"column":3}}]}},"s":{"0":2,"1":2,"2":2,"3":2,"4":2,"5":2,"6":2,"7":2,"8":2,"9":0,"10":2},"f":{"0":2},"b":{"0":[0]}}
,"C:\\Users\\Jack\\Desktop\\apps\\rhcp-reviews\\backend\\tests\\helpers\\db.ts": {"path":"C:\\Users\\Jack\\Desktop\\apps\\rhcp-reviews\\backend\\tests\\helpers\\db.ts","statementMap":{"0":{"start":{"line":1,"column":0},"end":{"line":1,"column":46}},"1":{"start":{"line":3,"column":13},"end":{"line":3,"column":41}},"2":{"start":{"line":5,"column":25},"end":{"line":8,"column":1}},"3":{"start":{"line":6,"column":2},"end":{"line":6,"column":26}},"4":{"start":{"line":7,"column":2},"end":{"line":7,"column":16}},"5":{"start":{"line":5,"column":13},"end":{"line":5,"column":25}},"6":{"start":{"line":10,"column":28},"end":{"line":12,"column":1}},"7":{"start":{"line":11,"column":2},"end":{"line":11,"column":29}},"8":{"start":{"line":10,"column":13},"end":{"line":10,"column":28}}},"fnMap":{"0":{"name":"(anonymous_0)","decl":{"start":{"line":5,"column":25},"end":{"line":5,"column":30}},"loc":{"start":{"line":5,"column":36},"end":{"line":8,"column":1}}},"1":{"name":"(anonymous_1)","decl":{"start":{"line":10,"column":28},"end":{"line":10,"column":33}},"loc":{"start":{"line":10,"column":39},"end":{"line":12,"column":1}}}},"branchMap":{},"s":{"0":3,"1":3,"2":3,"3":0,"4":0,"5":3,"6":3,"7":0,"8":3},"f":{"0":0,"1":0},"b":{}}
,"C:\\Users\\Jack\\Desktop\\apps\\rhcp-reviews\\backend\\tests\\helpers\\testHelpers.ts": {"path":"C:\\Users\\Jack\\Desktop\\apps\\rhcp-reviews\\backend\\tests\\helpers\\testHelpers.ts","statementMap":{"0":{"start":{"line":1,"column":0},"end":{"line":1,"column":46}},"1":{"start":{"line":2,"column":0},"end":{"line":2,"column":39}},"2":{"start":{"line":3,"column":0},"end":{"line":3,"column":32}},"3":{"start":{"line":4,"column":0},"end":{"line":4,"column":30}},"4":{"start":{"line":6,"column":15},"end":{"line":6,"column":33}},"5":{"start":{"line":8,"column":13},"end":{"line":98,"column":2}},"6":{"start":{"line":11,"column":17},"end":{"line":19,"column":6}},"7":{"start":{"line":22,"column":18},"end":{"line":31,"column":6}},"8":{"start":{"line":34,"column":17},"end":{"line":44,"column":6}},"9":{"start":{"line":46,"column":4},"end":{"line":46,"column":33}},"10":{"start":{"line":50,"column":4},"end":{"line":61,"column":7}},"11":{"start":{"line":65,"column":4},"end":{"line":96,"column":5}},"12":{"start":{"line":67,"column":19},"end":{"line":77,"column":8}},"13":{"start":{"line":80,"column":23},"end":{"line":83,"column":8}},"14":{"start":{"line":85,"column":6},"end":{"line":87,"column":7}},"15":{"start":{"line":86,"column":8},"end":{"line":86,"column":74}},"16":{"start":{"line":89,"column":6},"end":{"line":92,"column":8}},"17":{"start":{"line":94,"column":6},"end":{"line":94,"column":56}},"18":{"start":{"line":95,"column":6},"end":{"line":95,"column":18}}},"fnMap":{"0":{"name":"(anonymous_1)","decl":{"start":{"line":9,"column":17},"end":{"line":9,"column":22}},"loc":{"start":{"line":9,"column":28},"end":{"line":47,"column":3}}},"1":{"name":"(anonymous_2)","decl":{"start":{"line":49,"column":19},"end":{"line":49,"column":24}},"loc":{"start":{"line":49,"column":30},"end":{"line":62,"column":3}}},"2":{"name":"(anonymous_3)","decl":{"start":{"line":64,"column":20},"end":{"line":64,"column":25}},"loc":{"start":{"line":64,"column":31},"end":{"line":97,"column":3}}}},"branchMap":{"0":{"loc":{"start":{"line":85,"column":6},"end":{"line":87,"column":7}},"type":"if","locations":[{"start":{"line":85,"column":6},"end":{"line":87,"column":7}}]},"1":{"loc":{"start":{"line":91,"column":16},"end":{"line":91,"column":49}},"type":"binary-expr","locations":[{"start":{"line":91,"column":16},"end":{"line":91,"column":38}},{"start":{"line":91,"column":42},"end":{"line":91,"column":49}}]}},"s":{"0":2,"1":2,"2":2,"3":2,"4":2,"5":2,"6":2,"7":2,"8":2,"9":2,"10":2,"11":0,"12":0,"13":0,"14":0,"15":0,"16":0,"17":0,"18":0},"f":{"0":2,"1":2,"2":0},"b":{"0":[0],"1":[0,0]}}
}
