TN:
SF:src\server.ts
FN:31,(anonymous_1)
FN:32,(anonymous_2)
FN:33,(anonymous_3)
FN:42,(anonymous_4)
FN:43,(anonymous_5)
FN:44,(anonymous_6)
FN:66,(anonymous_7)
FN:80,(anonymous_8)
FN:102,(anonymous_9)
FN:116,(anonymous_10)
FNF:10
FNH:2
FNDA:0,(anonymous_1)
FNDA:0,(anonymous_2)
FNDA:0,(anonymous_3)
FNDA:0,(anonymous_4)
FNDA:0,(anonymous_5)
FNDA:0,(anonymous_6)
FNDA:0,(anonymous_7)
FNDA:0,(anonymous_8)
FNDA:14,(anonymous_9)
FNDA:3,(anonymous_10)
DA:1,3
DA:2,3
DA:3,3
DA:4,3
DA:5,3
DA:6,3
DA:7,3
DA:9,3
DA:10,3
DA:11,3
DA:12,3
DA:13,3
DA:16,3
DA:17,3
DA:18,3
DA:19,3
DA:20,3
DA:23,3
DA:24,3
DA:27,3
DA:28,3
DA:31,3
DA:32,0
DA:33,0
DA:35,0
DA:36,0
DA:37,0
DA:42,3
DA:43,0
DA:44,0
DA:49,3
DA:50,3
DA:51,3
DA:54,3
DA:60,3
DA:63,3
DA:67,0
DA:68,0
DA:70,0
DA:75,3
DA:76,3
DA:82,0
DA:86,3
DA:91,3
DA:94,3
DA:95,3
DA:102,3
DA:103,14
DA:104,14
DA:105,14
DA:109,3
DA:110,3
DA:111,3
DA:112,3
DA:113,3
DA:116,3
DA:117,3
LF:57
LH:46
BRDA:67,0,0,0
BRDA:67,0,1,0
BRF:2
BRH:0
end_of_record
TN:
SF:src\controllers\album.controller.ts
FN:13,(anonymous_1)
FN:25,(anonymous_2)
FN:36,(anonymous_3)
FN:43,(anonymous_4)
FN:50,(anonymous_5)
FNF:5
FNH:4
FNDA:1,(anonymous_1)
FNDA:0,(anonymous_2)
FNDA:1,(anonymous_3)
FNDA:1,(anonymous_4)
FNDA:1,(anonymous_5)
DA:2,3
DA:9,3
DA:10,3
DA:12,3
DA:14,1
DA:15,1
DA:16,1
DA:18,0
DA:19,0
DA:24,3
DA:26,0
DA:31,0
DA:35,3
DA:37,1
DA:38,1
DA:42,3
DA:44,1
DA:45,1
DA:49,3
DA:51,1
DA:52,1
DA:53,1
DA:55,1
DA:56,0
DA:60,1
DA:61,0
DA:66,0
DA:68,0
DA:69,0
DA:71,0
DA:75,0
DA:76,0
DA:80,1
DA:86,1
LF:34
LH:22
BRDA:27,0,0,0
BRDA:27,0,1,0
BRDA:28,1,0,0
BRDA:28,1,1,0
BRDA:52,2,0,0
BRDA:52,2,1,1
BRDA:55,3,0,0
BRDA:55,4,0,1
BRDA:55,4,1,0
BRDA:60,5,0,0
BRDA:66,6,0,0
BRDA:68,7,0,0
BRDA:69,8,0,0
BRDA:75,9,0,0
BRDA:83,10,0,0
BRDA:83,10,1,1
BRF:16
BRH:3
end_of_record
TN:
SF:src\controllers\group.controller.ts
FN:13,(anonymous_1)
FN:23,(anonymous_2)
FN:30,(anonymous_3)
FN:41,(anonymous_4)
FN:52,(anonymous_5)
FN:59,(anonymous_6)
FNF:6
FNH:0
FNDA:0,(anonymous_1)
FNDA:0,(anonymous_2)
FNDA:0,(anonymous_3)
FNDA:0,(anonymous_4)
FNDA:0,(anonymous_5)
FNDA:0,(anonymous_6)
DA:2,3
DA:10,3
DA:12,3
DA:14,0
DA:18,0
DA:22,3
DA:24,0
DA:25,0
DA:29,3
DA:31,0
DA:36,0
DA:40,3
DA:42,0
DA:47,0
DA:51,3
DA:53,0
DA:54,0
DA:58,3
DA:60,0
DA:61,0
LF:20
LH:8
BRF:0
BRH:0
end_of_record
TN:
SF:src\controllers\review.controller.ts
FN:9,(anonymous_1)
FN:19,(anonymous_2)
FNF:2
FNH:0
FNDA:0,(anonymous_1)
FNDA:0,(anonymous_2)
DA:2,3
DA:6,3
DA:8,3
DA:10,0
DA:14,0
DA:18,3
DA:20,0
DA:24,0
LF:8
LH:4
BRF:0
BRH:0
end_of_record
TN:
SF:src\controllers\song.controller.ts
FN:12,(anonymous_1)
FN:24,(anonymous_2)
FN:31,(anonymous_3)
FN:38,(anonymous_4)
FN:45,(anonymous_5)
FNF:5
FNH:0
FNDA:0,(anonymous_1)
FNDA:0,(anonymous_2)
FNDA:0,(anonymous_3)
FNDA:0,(anonymous_4)
FNDA:0,(anonymous_5)
DA:2,3
DA:9,3
DA:11,3
DA:13,0
DA:19,0
DA:23,3
DA:25,0
DA:26,0
DA:30,3
DA:32,0
DA:33,0
DA:37,3
DA:39,0
DA:40,0
DA:44,3
DA:46,0
DA:47,0
LF:17
LH:7
BRF:0
BRH:0
end_of_record
TN:
SF:src\controllers\user.controller.ts
FN:21,(anonymous_1)
FN:34,(anonymous_2)
FN:44,(anonymous_3)
FN:51,(anonymous_4)
FN:74,(anonymous_5)
FN:98,(anonymous_6)
FNF:6
FNH:3
FNDA:3,(anonymous_1)
FNDA:5,(anonymous_2)
FNDA:0,(anonymous_3)
FNDA:1,(anonymous_4)
FNDA:0,(anonymous_5)
FNDA:0,(anonymous_6)
DA:2,3
DA:9,3
DA:11,3
DA:12,3
DA:13,3
DA:18,3
DA:20,3
DA:22,3
DA:23,3
DA:24,3
DA:26,0
DA:27,0
DA:28,0
DA:33,3
DA:35,5
DA:39,3
DA:43,3
DA:45,0
DA:46,0
DA:50,3
DA:52,1
DA:54,1
DA:55,0
DA:60,1
DA:61,1
DA:62,1
DA:64,0
DA:65,0
DA:67,0
DA:73,3
DA:75,0
DA:78,0
DA:79,0
DA:82,0
DA:93,0
DA:97,3
DA:99,0
DA:100,0
LF:38
LH:22
BRDA:28,0,0,0
BRDA:28,0,1,0
BRDA:54,1,0,0
BRDA:64,2,0,0
BRDA:64,2,1,0
BRDA:78,3,0,0
BRF:6
BRH:0
end_of_record
TN:
SF:src\db\prisma.ts
FNF:0
FNH:0
DA:1,3
DA:2,3
DA:3,3
LF:3
LH:3
BRF:0
BRH:0
end_of_record
TN:
SF:src\errors\customErrors.ts
FN:3,(anonymous_0)
FN:11,(anonymous_1)
FN:19,(anonymous_2)
FN:27,(anonymous_3)
FN:36,(anonymous_4)
FNF:5
FNH:1
FNDA:2,(anonymous_0)
FNDA:0,(anonymous_1)
FNDA:0,(anonymous_2)
FNDA:0,(anonymous_3)
FNDA:0,(anonymous_4)
DA:1,3
DA:2,2
DA:4,2
DA:5,2
DA:9,3
DA:10,0
DA:12,0
DA:13,0
DA:17,3
DA:18,0
DA:20,0
DA:21,0
DA:25,3
DA:26,0
DA:28,0
DA:29,0
DA:33,3
DA:34,0
DA:37,0
DA:38,0
DA:39,0
LF:21
LH:8
BRDA:3,0,0,0
BRDA:11,1,0,0
BRDA:19,2,0,0
BRDA:27,3,0,0
BRDA:36,4,0,0
BRF:5
BRH:0
end_of_record
TN:
SF:src\middleware\asyncRouteHandler.ts
FN:4,(anonymous_0)
FN:7,(anonymous_1)
FNF:2
FNH:2
FNDA:75,(anonymous_0)
FNDA:13,(anonymous_1)
DA:4,3
DA:7,75
DA:8,13
DA:12,3
LF:4
LH:4
BRF:0
BRH:0
end_of_record
TN:
SF:src\middleware\auth.ts
FN:6,(anonymous_1)
FNF:1
FNH:1
FNDA:4,(anonymous_1)
DA:2,3
DA:3,3
DA:4,3
DA:6,3
DA:11,4
DA:13,4
DA:15,4
DA:16,4
DA:17,3
DA:21,3
DA:22,3
DA:23,3
DA:25,1
LF:13
LH:13
BRDA:13,0,0,0
BRDA:21,1,0,0
BRF:2
BRH:0
end_of_record
TN:
SF:src\middleware\errorHandler.ts
FN:9,(anonymous_0)
FNF:1
FNH:1
FNDA:3,(anonymous_0)
DA:1,3
DA:2,3
DA:4,3
DA:9,3
DA:15,3
DA:16,0
DA:22,3
DA:23,2
DA:27,1
DA:28,0
DA:32,1
DA:33,0
DA:37,1
DA:38,0
DA:43,1
DA:45,1
DA:46,1
DA:53,0
LF:18
LH:13
BRDA:15,0,0,0
BRDA:22,1,0,2
BRDA:27,2,0,0
BRDA:27,3,0,1
BRDA:27,3,1,1
BRDA:32,4,0,0
BRDA:37,5,0,0
BRDA:45,6,0,1
BRDA:55,7,0,0
BRDA:55,7,1,0
BRF:10
BRH:4
end_of_record
TN:
SF:src\middleware\validate.ts
FN:6,(anonymous_0)
FN:7,(anonymous_1)
FN:20,(anonymous_2)
FNF:3
FNH:2
FNDA:30,(anonymous_0)
FNDA:11,(anonymous_1)
FNDA:0,(anonymous_2)
DA:2,3
DA:3,3
DA:5,3
DA:6,3
DA:7,30
DA:8,11
DA:9,11
DA:14,11
DA:16,0
DA:17,0
DA:20,0
DA:27,0
LF:12
LH:8
BRDA:16,0,0,0
BRDA:16,0,1,0
BRF:2
BRH:0
end_of_record
TN:
SF:src\routes\albums.ts
FNF:0
FNH:0
DA:1,3
DA:2,3
DA:9,3
DA:10,3
DA:11,3
DA:16,3
DA:18,3
DA:25,3
DA:27,3
DA:29,3
DA:36,3
DA:38,3
LF:12
LH:12
BRF:0
BRH:0
end_of_record
TN:
SF:src\routes\groups.ts
FNF:0
FNH:0
DA:1,3
DA:2,3
DA:10,3
DA:11,3
DA:12,3
DA:14,3
DA:16,3
DA:17,3
DA:18,3
DA:19,3
DA:25,3
DA:26,3
DA:28,3
LF:13
LH:13
BRF:0
BRH:0
end_of_record
TN:
SF:src\routes\reviews.ts
FNF:0
FNH:0
DA:1,3
DA:2,3
DA:6,3
DA:8,3
DA:10,3
DA:11,3
DA:13,3
LF:7
LH:7
BRF:0
BRH:0
end_of_record
TN:
SF:src\routes\songs.ts
FNF:0
FNH:0
DA:1,3
DA:2,3
DA:9,3
DA:10,3
DA:11,3
DA:13,3
DA:15,3
DA:16,3
DA:17,3
DA:18,3
DA:24,3
DA:26,3
LF:12
LH:12
BRF:0
BRH:0
end_of_record
TN:
SF:src\routes\users.ts
FNF:0
FNH:0
DA:1,3
DA:2,3
DA:10,3
DA:11,3
DA:17,3
DA:19,3
DA:21,3
DA:22,3
DA:23,3
DA:24,3
DA:25,3
DA:32,3
DA:34,3
LF:13
LH:13
BRF:0
BRH:0
end_of_record
TN:
SF:src\services\album.service.ts
FN:10,(anonymous_1)
FN:43,(anonymous_2)
FN:79,(anonymous_3)
FN:80,(anonymous_4)
FN:81,(anonymous_5)
FN:95,(anonymous_6)
FN:131,(anonymous_7)
FN:145,(anonymous_8)
FNF:8
FNH:4
FNDA:1,(anonymous_1)
FNDA:1,(anonymous_2)
FNDA:0,(anonymous_3)
FNDA:0,(anonymous_4)
FNDA:0,(anonymous_5)
FNDA:0,(anonymous_6)
FNDA:1,(anonymous_7)
FNDA:1,(anonymous_8)
DA:2,3
DA:10,3
DA:11,1
DA:43,3
DA:49,1
DA:55,1
DA:62,1
DA:70,1
DA:71,1
DA:72,0
DA:79,1
DA:80,0
DA:81,0
DA:83,0
DA:95,3
DA:100,0
DA:104,0
DA:121,0
DA:131,3
DA:135,1
DA:136,0
DA:139,1
DA:145,3
DA:146,1
LF:24
LH:16
BRDA:57,0,0,1
BRDA:57,0,1,0
BRDA:58,1,0,1
BRDA:58,1,1,0
BRDA:71,2,0,0
BRDA:88,3,0,0
BRDA:88,3,1,0
BRDA:89,4,0,0
BRDA:89,4,1,0
BRDA:90,5,0,0
BRDA:90,5,1,0
BRDA:100,6,0,0
BRDA:100,6,1,0
BRDA:135,7,0,0
BRDA:135,8,0,1
BRDA:135,8,1,0
BRF:16
BRH:3
end_of_record
TN:
SF:src\services\email.service.ts
FN:11,(anonymous_1)
FNF:1
FNH:0
FNDA:0,(anonymous_1)
DA:1,3
DA:3,3
DA:11,3
DA:16,0
DA:18,0
LF:5
LH:3
BRF:0
BRH:0
end_of_record
TN:
SF:src\services\group.service.ts
FN:23,(anonymous_1)
FN:53,(anonymous_2)
FN:72,(anonymous_3)
FN:99,(anonymous_4)
FN:126,(anonymous_5)
FN:158,(anonymous_6)
FN:175,(anonymous_7)
FNF:7
FNH:0
FNDA:0,(anonymous_1)
FNDA:0,(anonymous_2)
FNDA:0,(anonymous_3)
FNDA:0,(anonymous_4)
FNDA:0,(anonymous_5)
FNDA:0,(anonymous_6)
FNDA:0,(anonymous_7)
DA:1,3
DA:2,3
DA:7,3
DA:8,3
DA:23,3
DA:24,0
DA:25,0
DA:28,0
DA:53,3
DA:54,0
DA:63,0
DA:64,0
DA:67,0
DA:72,3
DA:77,0
DA:86,0
DA:87,0
DA:90,0
DA:99,3
DA:104,0
DA:114,0
DA:115,0
DA:116,0
DA:118,0
DA:119,0
DA:122,0
DA:123,0
DA:126,3
DA:127,0
DA:131,0
DA:133,0
DA:142,0
DA:143,0
DA:146,0
DA:158,3
DA:159,0
DA:175,3
DA:180,0
DA:190,0
LF:39
LH:11
BRDA:24,0,0,0
BRDA:24,1,0,0
BRDA:24,1,1,0
BRDA:33,2,0,0
BRDA:33,2,1,0
BRDA:63,3,0,0
BRDA:63,4,0,0
BRDA:63,4,1,0
BRDA:86,5,0,0
BRDA:86,6,0,0
BRDA:86,6,1,0
BRDA:114,7,0,0
BRDA:115,8,0,0
BRDA:115,9,0,0
BRDA:115,9,1,0
BRDA:118,10,0,0
BRDA:131,11,0,0
BRDA:142,12,0,0
BRF:18
BRH:0
end_of_record
TN:
SF:src\services\review.service.ts
FN:33,(anonymous_1)
FN:78,(anonymous_2)
FN:109,(anonymous_3)
FN:123,(anonymous_4)
FN:150,(anonymous_5)
FNF:5
FNH:0
FNDA:0,(anonymous_1)
FNDA:0,(anonymous_2)
FNDA:0,(anonymous_3)
FNDA:0,(anonymous_4)
FNDA:0,(anonymous_5)
DA:2,3
DA:3,3
DA:33,3
DA:41,0
DA:42,0
DA:48,0
DA:51,0
DA:54,0
DA:55,0
DA:63,0
DA:67,0
DA:78,3
DA:79,0
DA:81,0
DA:83,0
DA:98,0
DA:109,3
DA:110,0
DA:123,3
DA:124,0
DA:150,3
DA:151,0
DA:152,0
DA:153,0
LF:24
LH:7
BRDA:41,0,0,0
BRDA:41,1,0,0
BRDA:41,1,1,0
BRDA:51,2,0,0
BRDA:54,3,0,0
BRDA:63,4,0,0
BRDA:112,5,0,0
BRDA:112,5,1,0
BRDA:113,6,0,0
BRDA:113,6,1,0
BRDA:116,7,0,0
BRDA:116,7,1,0
BRDA:117,8,0,0
BRDA:117,8,1,0
BRDA:129,9,0,0
BRDA:129,9,1,0
BRDA:141,10,0,0
BRDA:141,10,1,0
BRDA:142,11,0,0
BRDA:142,11,1,0
BRDA:143,12,0,0
BRDA:143,12,1,0
BRDA:144,13,0,0
BRDA:144,13,1,0
BRDA:151,14,0,0
BRDA:153,15,0,0
BRDA:153,15,1,0
BRF:27
BRH:0
end_of_record
TN:
SF:src\services\song.service.ts
FN:5,(anonymous_1)
FN:36,(anonymous_2)
FN:55,(anonymous_3)
FN:72,(anonymous_4)
FN:83,(anonymous_5)
FNF:5
FNH:0
FNDA:0,(anonymous_1)
FNDA:0,(anonymous_2)
FNDA:0,(anonymous_3)
FNDA:0,(anonymous_4)
FNDA:0,(anonymous_5)
DA:2,3
DA:3,3
DA:5,3
DA:11,0
DA:18,0
DA:26,0
DA:36,3
DA:37,0
DA:51,0
DA:52,0
DA:55,3
DA:56,0
DA:57,0
DA:62,0
DA:63,0
DA:66,0
DA:72,3
DA:76,0
DA:83,3
DA:84,0
LF:20
LH:7
BRDA:12,0,0,0
BRDA:12,0,1,0
BRDA:13,1,0,0
BRDA:13,1,1,0
BRDA:30,2,0,0
BRDA:30,2,1,0
BRDA:31,3,0,0
BRDA:31,3,1,0
BRDA:51,4,0,0
BRDA:56,5,0,0
BRDA:56,6,0,0
BRDA:56,6,1,0
BRDA:62,7,0,0
BRF:13
BRH:0
end_of_record
TN:
SF:src\services\user.service.ts
FN:13,(anonymous_1)
FN:53,(anonymous_2)
FN:96,(anonymous_3)
FN:122,(anonymous_4)
FN:147,(anonymous_5)
FN:195,(anonymous_6)
FNF:6
FNH:3
FNDA:3,(anonymous_1)
FNDA:5,(anonymous_2)
FNDA:0,(anonymous_3)
FNDA:0,(anonymous_4)
FNDA:1,(anonymous_5)
FNDA:0,(anonymous_6)
DA:1,3
DA:2,3
DA:3,3
DA:4,3
DA:5,3
DA:11,3
DA:13,3
DA:18,3
DA:19,0
DA:24,3
DA:26,3
DA:27,3
DA:41,0
DA:42,0
DA:43,0
DA:44,0
DA:49,0
DA:53,3
DA:54,5
DA:65,5
DA:66,1
DA:69,4
DA:70,0
DA:73,4
DA:76,4
DA:80,4
DA:84,3
DA:96,3
DA:97,0
DA:118,0
DA:119,0
DA:122,3
DA:131,0
DA:132,0
DA:135,0
DA:147,3
DA:148,1
DA:149,0
DA:152,1
DA:153,1
DA:157,1
DA:162,1
DA:163,0
DA:167,1
DA:171,1
DA:176,1
DA:181,1
DA:186,0
DA:187,0
DA:189,0
DA:190,0
DA:192,0
DA:195,3
DA:196,0
LF:54
LH:33
BRDA:18,0,0,0
BRDA:41,1,0,0
BRDA:42,2,0,0
BRDA:65,3,0,1
BRDA:65,4,0,5
BRDA:65,4,1,4
BRDA:69,5,0,0
BRDA:118,6,0,0
BRDA:131,7,0,0
BRDA:148,8,0,0
BRDA:162,9,0,0
BRDA:162,10,0,1
BRDA:162,10,1,1
BRDA:186,11,0,0
BRDA:189,12,0,0
BRF:15
BRH:5
end_of_record
TN:
SF:src\validators\album.validator.ts
FN:14,(anonymous_0)
FNF:1
FNH:1
FNDA:1,(anonymous_0)
DA:1,3
DA:3,3
DA:14,1
DA:21,3
DA:25,3
LF:5
LH:5
BRF:0
BRH:0
end_of_record
TN:
SF:src\validators\group.validator.ts
FNF:0
FNH:0
DA:1,3
DA:3,3
LF:2
LH:2
BRF:0
BRH:0
end_of_record
TN:
SF:src\validators\song.validator.ts
FNF:0
FNH:0
DA:1,3
DA:3,3
LF:2
LH:2
BRF:0
BRH:0
end_of_record
TN:
SF:src\validators\user.validator.ts
FN:40,(anonymous_0)
FNF:1
FNH:0
FNDA:0,(anonymous_0)
DA:1,3
DA:4,3
DA:7,3
DA:15,3
DA:22,3
DA:29,3
DA:42,0
LF:7
LH:6
BRF:0
BRH:0
end_of_record
TN:
SF:tests\helpers\auth.ts
FN:6,getTestUserToken
FNF:1
FNH:1
FNDA:2,getTestUserToken
DA:1,2
DA:2,2
DA:3,2
DA:4,2
DA:6,2
DA:7,2
DA:9,2
DA:19,2
DA:24,2
DA:25,1
DA:28,1
LF:11
LH:11
BRDA:24,0,0,1
BRF:1
BRH:1
end_of_record
TN:
SF:tests\helpers\db.ts
FN:5,(anonymous_0)
FN:10,(anonymous_1)
FNF:2
FNH:0
FNDA:0,(anonymous_0)
FNDA:0,(anonymous_1)
DA:1,3
DA:3,3
DA:5,3
DA:6,0
DA:7,0
DA:10,3
DA:11,0
LF:7
LH:4
BRF:0
BRH:0
end_of_record
TN:
SF:tests\helpers\testHelpers.ts
FN:9,(anonymous_1)
FN:49,(anonymous_2)
FN:64,(anonymous_3)
FNF:3
FNH:2
FNDA:2,(anonymous_1)
FNDA:2,(anonymous_2)
FNDA:0,(anonymous_3)
DA:1,2
DA:2,2
DA:3,2
DA:4,2
DA:6,2
DA:8,2
DA:11,2
DA:22,2
DA:34,2
DA:46,2
DA:50,2
DA:65,0
DA:67,0
DA:80,0
DA:85,0
DA:86,0
DA:89,0
DA:94,0
DA:95,0
LF:19
LH:11
BRDA:85,0,0,0
BRDA:91,1,0,0
BRDA:91,1,1,0
BRF:3
BRH:0
end_of_record
